Loading data...
Cuting data...
Generating shapelets...
Now batch:  0
[12/17 02:17:02] Generating the candidates...
[12/17 02:17:02] Total Candidates: 1200
Now batch:  1
[12/17 02:19:23] Generating the candidates...
[12/17 02:19:23] Total Candidates: 1200
Now batch:  2
[12/17 02:21:45] Generating the candidates...
[12/17 02:21:45] Total Candidates: 1200
Now batch:  3
[12/17 02:24:07] Generating the candidates...
[12/17 02:24:07] Total Candidates: 1200
Now batch:  4
[12/17 02:26:27] Generating the candidates...
[12/17 02:26:27] Total Candidates: 1200
Now batch:  5
[12/17 02:28:48] Generating the candidates...
[12/17 02:28:48] Total Candidates: 1200
Now batch:  6
[12/17 02:31:09] Generating the candidates...
[12/17 02:31:09] Total Candidates: 1200
Now batch:  7
[12/17 02:33:31] Generating the candidates...
[12/17 02:33:31] Total Candidates: 1200
Now batch:  8
[12/17 02:35:52] Generating the candidates...
[12/17 02:35:52] Total Candidates: 1200
Now batch:  9
[12/17 02:38:13] Generating the candidates...
[12/17 02:38:13] Total Candidates: 1200
Now batch:  10
[12/17 02:40:34] Generating the candidates...
[12/17 02:40:34] Total Candidates: 1200
Now batch:  11
[12/17 02:42:56] Generating the candidates...
[12/17 02:42:56] Total Candidates: 1200
Now batch:  12
[12/17 02:45:16] Generating the candidates...
[12/17 02:45:16] Total Candidates: 1200
Now batch:  13
[12/17 02:47:37] Generating the candidates...
[12/17 02:47:37] Total Candidates: 1200
Now batch:  14
[12/17 02:49:58] Generating the candidates...
[12/17 02:49:58] Total Candidates: 1200
Now batch:  15
[12/17 02:52:21] Generating the candidates...
[12/17 02:52:21] Total Candidates: 1200
Now batch:  16
[12/17 02:54:43] Generating the candidates...
[12/17 02:54:43] Total Candidates: 1200
Now batch:  17
[12/17 02:57:04] Generating the candidates...
[12/17 02:57:04] Total Candidates: 1200
Now batch:  18
[12/17 02:59:26] Generating the candidates...
[12/17 02:59:26] Total Candidates: 1200
Now batch:  19
[12/17 03:01:47] Generating the candidates...
[12/17 03:01:47] Total Candidates: 1200
Now batch:  20
[12/17 03:04:09] Generating the candidates...
[12/17 03:04:09] Total Candidates: 1200
Now batch:  21
[12/17 03:06:30] Generating the candidates...
[12/17 03:06:30] Total Candidates: 1200
Now batch:  22
[12/17 03:08:51] Generating the candidates...
[12/17 03:08:51] Total Candidates: 1200
Now batch:  23
[12/17 03:11:13] Generating the candidates...
[12/17 03:11:13] Total Candidates: 1200
Now batch:  24
[12/17 03:13:35] Generating the candidates...
[12/17 03:13:35] Total Candidates: 1200
Now batch:  25
[12/17 03:15:56] Generating the candidates...
[12/17 03:15:56] Total Candidates: 1200
Now batch:  26
[12/17 03:18:18] Generating the candidates...
[12/17 03:18:18] Total Candidates: 1200
Now batch:  27
[12/17 03:20:40] Generating the candidates...
[12/17 03:20:40] Total Candidates: 1200
Now batch:  28
[12/17 03:23:01] Generating the candidates...
[12/17 03:23:01] Total Candidates: 1200
Now batch:  29
[12/17 03:25:24] Generating the candidates...
[12/17 03:25:24] Total Candidates: 1200
Now batch:  30
[12/17 03:27:45] Generating the candidates...
[12/17 03:27:45] Total Candidates: 1200
Now batch:  31
[12/17 03:30:07] Generating the candidates...
[12/17 03:30:07] Total Candidates: 1200
Now batch:  32
[12/17 03:32:28] Generating the candidates...
[12/17 03:32:28] Total Candidates: 1200
Now batch:  33
[12/17 03:34:50] Generating the candidates...
[12/17 03:34:50] Total Candidates: 1200
Now batch:  34
[12/17 03:37:12] Generating the candidates...
[12/17 03:37:12] Total Candidates: 1200
Now batch:  35
[12/17 03:39:33] Generating the candidates...
[12/17 03:39:33] Total Candidates: 1200
Now batch:  36
[12/17 03:41:53] Generating the candidates...
[12/17 03:41:53] Total Candidates: 1200
Now batch:  37
[12/17 03:44:15] Generating the candidates...
[12/17 03:44:15] Total Candidates: 1200
Now batch:  38
[12/17 03:46:35] Generating the candidates...
[12/17 03:46:35] Total Candidates: 1200
Now batch:  39
[12/17 03:48:57] Generating the candidates...
[12/17 03:48:57] Total Candidates: 1200
Now batch:  40
[12/17 03:51:18] Generating the candidates...
[12/17 03:51:18] Total Candidates: 1200
Now batch:  41
[12/17 03:53:39] Generating the candidates...
[12/17 03:53:39] Total Candidates: 1200
Now batch:  42
[12/17 03:56:01] Generating the candidates...
[12/17 03:56:01] Total Candidates: 1200
Now batch:  43
[12/17 03:58:23] Generating the candidates...
[12/17 03:58:23] Total Candidates: 1200
Now batch:  44
[12/17 04:00:44] Generating the candidates...
[12/17 04:00:44] Total Candidates: 1200
Now batch:  45
[12/17 04:03:05] Generating the candidates...
[12/17 04:03:05] Total Candidates: 1200
Now batch:  46
[12/17 04:05:26] Generating the candidates...
[12/17 04:05:26] Total Candidates: 1200
Now batch:  47
[12/17 04:07:47] Generating the candidates...
[12/17 04:07:47] Total Candidates: 1200
Now batch:  48
[12/17 04:10:08] Generating the candidates...
[12/17 04:10:08] Total Candidates: 1200
Now batch:  49
[12/17 04:12:29] Generating the candidates...
[12/17 04:12:29] Total Candidates: 1200
Now batch:  50
[12/17 04:14:50] Generating the candidates...
[12/17 04:14:50] Total Candidates: 1200
Now batch:  51
[12/17 04:17:12] Generating the candidates...
[12/17 04:17:12] Total Candidates: 1200
Now batch:  52
[12/17 04:19:33] Generating the candidates...
[12/17 04:19:33] Total Candidates: 1200
Now batch:  53
[12/17 04:21:55] Generating the candidates...
[12/17 04:21:55] Total Candidates: 1200
Now batch:  54
[12/17 04:24:15] Generating the candidates...
[12/17 04:24:15] Total Candidates: 1200
Now batch:  55
[12/17 04:26:37] Generating the candidates...
[12/17 04:26:37] Total Candidates: 1200
Now batch:  56
[12/17 04:28:59] Generating the candidates...
[12/17 04:28:59] Total Candidates: 1200
Now batch:  57
[12/17 04:31:19] Generating the candidates...
[12/17 04:31:19] Total Candidates: 1200
Now batch:  58
[12/17 04:33:40] Generating the candidates...
[12/17 04:33:40] Total Candidates: 1200
Now batch:  59
[12/17 04:36:01] Generating the candidates...
[12/17 04:36:01] Total Candidates: 1200
Now batch:  60
[12/17 04:38:23] Generating the candidates...
[12/17 04:38:23] Total Candidates: 1200
Now batch:  61
[12/17 04:40:44] Generating the candidates...
[12/17 04:40:44] Total Candidates: 1200
Now batch:  62
[12/17 04:43:06] Generating the candidates...
[12/17 04:43:06] Total Candidates: 1200
Now batch:  63
[12/17 04:45:26] Generating the candidates...
[12/17 04:45:26] Total Candidates: 1200
Now batch:  64
[12/17 04:47:48] Generating the candidates...
[12/17 04:47:48] Total Candidates: 1200
Now batch:  65
[12/17 04:50:09] Generating the candidates...
[12/17 04:50:09] Total Candidates: 1200
Now batch:  66
[12/17 04:52:31] Generating the candidates...
[12/17 04:52:31] Total Candidates: 1200
Now batch:  67
[12/17 04:54:52] Generating the candidates...
[12/17 04:54:52] Total Candidates: 1200
Now batch:  68
[12/17 04:57:14] Generating the candidates...
[12/17 04:57:14] Total Candidates: 1200
Now batch:  69
[12/17 04:59:35] Generating the candidates...
[12/17 04:59:35] Total Candidates: 1200
Now batch:  70
[12/17 05:01:56] Generating the candidates...
[12/17 05:01:56] Total Candidates: 1200
Now batch:  71
[12/17 05:04:17] Generating the candidates...
[12/17 05:04:17] Total Candidates: 1200
Now batch:  72
[12/17 05:06:39] Generating the candidates...
[12/17 05:06:39] Total Candidates: 1200
Now batch:  73
[12/17 05:09:01] Generating the candidates...
[12/17 05:09:01] Total Candidates: 1200
Now batch:  74
[12/17 05:11:22] Generating the candidates...
[12/17 05:11:22] Total Candidates: 1200
Now batch:  75
[12/17 05:13:44] Generating the candidates...
[12/17 05:13:44] Total Candidates: 1200
Now batch:  76
[12/17 05:16:06] Generating the candidates...
[12/17 05:16:06] Total Candidates: 1200
Now batch:  77
[12/17 05:18:27] Generating the candidates...
[12/17 05:18:27] Total Candidates: 1200
Now batch:  78
[12/17 05:20:49] Generating the candidates...
[12/17 05:20:49] Total Candidates: 1200
Now batch:  79
[12/17 05:23:09] Generating the candidates...
[12/17 05:23:09] Total Candidates: 1200
Now batch:  80
[12/17 05:25:30] Generating the candidates...
[12/17 05:25:30] Total Candidates: 1200
Now batch:  81
[12/17 05:27:51] Generating the candidates...
[12/17 05:27:51] Total Candidates: 1200
Now batch:  82
[12/17 05:30:13] Generating the candidates...
[12/17 05:30:13] Total Candidates: 1200
Now batch:  83
[12/17 05:32:34] Generating the candidates...
[12/17 05:32:34] Total Candidates: 1200
Now batch:  84
[12/17 05:34:55] Generating the candidates...
[12/17 05:34:55] Total Candidates: 1200
Now batch:  85
[12/17 05:37:16] Generating the candidates...
[12/17 05:37:16] Total Candidates: 1200
Now batch:  86
[12/17 05:39:37] Generating the candidates...
[12/17 05:39:37] Total Candidates: 1200
Now batch:  87
[12/17 05:41:59] Generating the candidates...
[12/17 05:41:59] Total Candidates: 1200
Now batch:  88
[12/17 05:44:19] Generating the candidates...
[12/17 05:44:19] Total Candidates: 1200
Now batch:  89
[12/17 05:46:40] Generating the candidates...
[12/17 05:46:40] Total Candidates: 1200
Now batch:  90
[12/17 05:49:02] Generating the candidates...
[12/17 05:49:02] Total Candidates: 1200
Now batch:  91
[12/17 05:51:23] Generating the candidates...
[12/17 05:51:23] Total Candidates: 1200
Now batch:  92
[12/17 05:53:43] Generating the candidates...
[12/17 05:53:43] Total Candidates: 1200
Now batch:  93
[12/17 05:56:04] Generating the candidates...
[12/17 05:56:04] Total Candidates: 1200
Now batch:  94
[12/17 05:58:25] Generating the candidates...
[12/17 05:58:25] Total Candidates: 1200
Now batch:  95
[12/17 06:00:47] Generating the candidates...
[12/17 06:00:47] Total Candidates: 1200
Now batch:  96
[12/17 06:03:07] Generating the candidates...
[12/17 06:03:07] Total Candidates: 1200
Now batch:  97
[12/17 06:05:28] Generating the candidates...
[12/17 06:05:28] Total Candidates: 1200
Now batch:  98
[12/17 06:07:50] Generating the candidates...
[12/17 06:07:50] Total Candidates: 1200
Now batch:  99
[12/17 06:10:11] Generating the candidates...
[12/17 06:10:11] Total Candidates: 1200
Now batch:  100
[12/17 06:12:33] Generating the candidates...
[12/17 06:12:33] Total Candidates: 1200
Now batch:  101
[12/17 06:14:53] Generating the candidates...
[12/17 06:14:53] Total Candidates: 1200
Now batch:  102
[12/17 06:17:15] Generating the candidates...
[12/17 06:17:15] Total Candidates: 1200
Now batch:  103
[12/17 06:19:36] Generating the candidates...
[12/17 06:19:36] Total Candidates: 1200
Now batch:  104
[12/17 06:21:57] Generating the candidates...
[12/17 06:21:57] Total Candidates: 1200
Now batch:  105
[12/17 06:24:19] Generating the candidates...
[12/17 06:24:19] Total Candidates: 1200
Now batch:  106
[12/17 06:26:40] Generating the candidates...
[12/17 06:26:40] Total Candidates: 1200
Now batch:  107
[12/17 06:29:00] Generating the candidates...
[12/17 06:29:00] Total Candidates: 1200
Now batch:  108
[12/17 06:31:21] Generating the candidates...
[12/17 06:31:21] Total Candidates: 1200
Now batch:  109
[12/17 06:33:42] Generating the candidates...
[12/17 06:33:42] Total Candidates: 1200
Now batch:  110
[12/17 06:36:04] Generating the candidates...
[12/17 06:36:04] Total Candidates: 1200
Now batch:  111
[12/17 06:38:24] Generating the candidates...
[12/17 06:38:24] Total Candidates: 1200
Now batch:  112
[12/17 06:40:45] Generating the candidates...
[12/17 06:40:45] Total Candidates: 1200
Now batch:  113
[12/17 06:43:05] Generating the candidates...
[12/17 06:43:05] Total Candidates: 1200
Now batch:  114
[12/17 06:45:25] Generating the candidates...
[12/17 06:45:25] Total Candidates: 1200
Now batch:  115
[12/17 06:47:47] Generating the candidates...
[12/17 06:47:47] Total Candidates: 1200
Now batch:  116
[12/17 06:50:09] Generating the candidates...
[12/17 06:50:09] Total Candidates: 1200
Now batch:  117
[12/17 06:52:30] Generating the candidates...
[12/17 06:52:30] Total Candidates: 1200
Now batch:  118
[12/17 06:54:51] Generating the candidates...
[12/17 06:54:51] Total Candidates: 1200
Now batch:  119
[12/17 06:57:11] Generating the candidates...
[12/17 06:57:11] Total Candidates: 1200
Now batch:  120
[12/17 06:59:32] Generating the candidates...
[12/17 06:59:32] Total Candidates: 1200
Now batch:  121
[12/17 07:01:53] Generating the candidates...
[12/17 07:01:53] Total Candidates: 1200
Now batch:  122
[12/17 07:04:14] Generating the candidates...
[12/17 07:04:14] Total Candidates: 1200
Now batch:  123
[12/17 07:06:37] Generating the candidates...
[12/17 07:06:37] Total Candidates: 1200
Now batch:  124
[12/17 07:08:57] Generating the candidates...
[12/17 07:08:57] Total Candidates: 1200
Now batch:  125
[12/17 07:11:17] Generating the candidates...
[12/17 07:11:17] Total Candidates: 1200
Now batch:  126
[12/17 07:13:37] Generating the candidates...
[12/17 07:13:37] Total Candidates: 1200
Now batch:  127
[12/17 07:15:58] Generating the candidates...
[12/17 07:15:58] Total Candidates: 1200
Now batch:  128
[12/17 07:18:19] Generating the candidates...
[12/17 07:18:19] Total Candidates: 1200
Now batch:  129
[12/17 07:20:41] Generating the candidates...
[12/17 07:20:41] Total Candidates: 1200
Now batch:  130
[12/17 07:23:02] Generating the candidates...
[12/17 07:23:02] Total Candidates: 1200
Now batch:  131
[12/17 07:25:25] Generating the candidates...
[12/17 07:25:25] Total Candidates: 1200
Now batch:  132
[12/17 07:27:47] Generating the candidates...
[12/17 07:27:47] Total Candidates: 1200
Now batch:  133
[12/17 07:30:08] Generating the candidates...
[12/17 07:30:08] Total Candidates: 1200
Now batch:  134
[12/17 07:32:30] Generating the candidates...
[12/17 07:32:30] Total Candidates: 1200
Now batch:  135
[12/17 07:34:51] Generating the candidates...
[12/17 07:34:51] Total Candidates: 1200
Now batch:  136
[12/17 07:37:12] Generating the candidates...
[12/17 07:37:12] Total Candidates: 1200
Now batch:  137
[12/17 07:39:33] Generating the candidates...
[12/17 07:39:33] Total Candidates: 1200
Now batch:  138
[12/17 07:41:55] Generating the candidates...
[12/17 07:41:55] Total Candidates: 1200
Now batch:  139
[12/17 07:44:16] Generating the candidates...
[12/17 07:44:16] Total Candidates: 1200
Now batch:  140
[12/17 07:46:38] Generating the candidates...
[12/17 07:46:38] Total Candidates: 1200
Now batch:  141
[12/17 07:49:01] Generating the candidates...
[12/17 07:49:01] Total Candidates: 1200
Now batch:  142
[12/17 07:51:22] Generating the candidates...
[12/17 07:51:22] Total Candidates: 1200
Now batch:  143
[12/17 07:53:44] Generating the candidates...
[12/17 07:53:44] Total Candidates: 1200
Now batch:  144
[12/17 07:56:05] Generating the candidates...
[12/17 07:56:05] Total Candidates: 1200
Now batch:  145
[12/17 07:58:26] Generating the candidates...
[12/17 07:58:26] Total Candidates: 1200
Now batch:  146
[12/17 08:00:48] Generating the candidates...
[12/17 08:00:48] Total Candidates: 1200
Now batch:  147
[12/17 08:03:10] Generating the candidates...
[12/17 08:03:10] Total Candidates: 1200
Now batch:  148
[12/17 08:05:32] Generating the candidates...
[12/17 08:05:32] Total Candidates: 1200
Now batch:  149
[12/17 08:07:53] Generating the candidates...
[12/17 08:07:53] Total Candidates: 1200
Now batch:  150
[12/17 08:10:15] Generating the candidates...
[12/17 08:10:15] Total Candidates: 1200
Now batch:  151
[12/17 08:12:36] Generating the candidates...
[12/17 08:12:36] Total Candidates: 1200
Now batch:  152
[12/17 08:14:57] Generating the candidates...
[12/17 08:14:57] Total Candidates: 1200
Now batch:  153
[12/17 08:17:19] Generating the candidates...
[12/17 08:17:19] Total Candidates: 1200
Now batch:  154
[12/17 08:19:40] Generating the candidates...
[12/17 08:19:40] Total Candidates: 1200
Now batch:  155
[12/17 08:22:02] Generating the candidates...
[12/17 08:22:02] Total Candidates: 1200
Now batch:  156
[12/17 08:24:24] Generating the candidates...
[12/17 08:24:24] Total Candidates: 1200
Now batch:  157
[12/17 08:26:45] Generating the candidates...
[12/17 08:26:45] Total Candidates: 1200
Now batch:  158
[12/17 08:29:06] Generating the candidates...
[12/17 08:29:06] Total Candidates: 1200
Now batch:  159
[12/17 08:31:29] Generating the candidates...
[12/17 08:31:29] Total Candidates: 1200
Now batch:  160
[12/17 08:33:51] Generating the candidates...
[12/17 08:33:51] Total Candidates: 1200
Now batch:  161
[12/17 08:36:13] Generating the candidates...
[12/17 08:36:13] Total Candidates: 1200
Now batch:  162
[12/17 08:38:34] Generating the candidates...
[12/17 08:38:34] Total Candidates: 1200
Now batch:  163
[12/17 08:40:55] Generating the candidates...
[12/17 08:40:55] Total Candidates: 1200
Now batch:  164
[12/17 08:43:16] Generating the candidates...
[12/17 08:43:16] Total Candidates: 1200
Now batch:  165
[12/17 08:45:37] Generating the candidates...
[12/17 08:45:37] Total Candidates: 1200
Now batch:  166
[12/17 08:47:59] Generating the candidates...
[12/17 08:47:59] Total Candidates: 1200
Now batch:  167
[12/17 08:50:20] Generating the candidates...
[12/17 08:50:20] Total Candidates: 1200
Now batch:  168
[12/17 08:52:42] Generating the candidates...
[12/17 08:52:42] Total Candidates: 1200
Now batch:  169
[12/17 08:55:03] Generating the candidates...
[12/17 08:55:03] Total Candidates: 1200
Now batch:  170
[12/17 08:57:24] Generating the candidates...
[12/17 08:57:24] Total Candidates: 1200
Now batch:  171
[12/17 08:59:45] Generating the candidates...
[12/17 08:59:45] Total Candidates: 1200
Now batch:  172
[12/17 09:02:07] Generating the candidates...
[12/17 09:02:07] Total Candidates: 1200
Now batch:  173
[12/17 09:04:28] Generating the candidates...
[12/17 09:04:28] Total Candidates: 1200
Now batch:  174
[12/17 09:06:49] Generating the candidates...
[12/17 09:06:49] Total Candidates: 1200
Now batch:  175
[12/17 09:09:10] Generating the candidates...
[12/17 09:09:10] Total Candidates: 1200
Now batch:  176
[12/17 09:11:31] Generating the candidates...
[12/17 09:11:31] Total Candidates: 1200
Now batch:  177
[12/17 09:13:51] Generating the candidates...
[12/17 09:13:51] Total Candidates: 1200
Now batch:  178
[12/17 09:16:13] Generating the candidates...
[12/17 09:16:13] Total Candidates: 1200
Now batch:  179
[12/17 09:18:34] Generating the candidates...
[12/17 09:18:34] Total Candidates: 1200
Now batch:  180
[12/17 09:20:55] Generating the candidates...
[12/17 09:20:55] Total Candidates: 1200
Now batch:  181
[12/17 09:23:16] Generating the candidates...
[12/17 09:23:16] Total Candidates: 1200
Now batch:  182
[12/17 09:25:38] Generating the candidates...
[12/17 09:25:38] Total Candidates: 1200
Now batch:  183
[12/17 09:27:58] Generating the candidates...
[12/17 09:27:58] Total Candidates: 1200
Now batch:  184
[12/17 09:30:20] Generating the candidates...
[12/17 09:30:20] Total Candidates: 1200
Now batch:  185
[12/17 09:32:41] Generating the candidates...
[12/17 09:32:41] Total Candidates: 1200
Now batch:  186
[12/17 09:35:02] Generating the candidates...
[12/17 09:35:02] Total Candidates: 1200
Now batch:  187
[12/17 09:37:24] Generating the candidates...
[12/17 09:37:24] Total Candidates: 1200
Now batch:  188
[12/17 09:39:45] Generating the candidates...
[12/17 09:39:45] Total Candidates: 1200
Now batch:  189
[12/17 09:42:06] Generating the candidates...
[12/17 09:42:06] Total Candidates: 1200
Now batch:  190
[12/17 09:44:28] Generating the candidates...
[12/17 09:44:28] Total Candidates: 1200
Now batch:  191
[12/17 09:46:49] Generating the candidates...
[12/17 09:46:49] Total Candidates: 1200
Now batch:  192
[12/17 09:49:10] Generating the candidates...
[12/17 09:49:10] Total Candidates: 1200
Now batch:  193
[12/17 09:51:31] Generating the candidates...
[12/17 09:51:31] Total Candidates: 1200
Now batch:  194
[12/17 09:53:52] Generating the candidates...
[12/17 09:53:52] Total Candidates: 1200
Now batch:  195
[12/17 09:56:14] Generating the candidates...
[12/17 09:56:14] Total Candidates: 1200
Now batch:  196
[12/17 09:58:36] Generating the candidates...
[12/17 09:58:36] Total Candidates: 1200
Now batch:  197
[12/17 10:00:57] Generating the candidates...
[12/17 10:00:57] Total Candidates: 1200
Now batch:  198
[12/17 10:03:17] Generating the candidates...
[12/17 10:03:17] Total Candidates: 1200
Now batch:  199
[12/17 10:05:38] Generating the candidates...
[12/17 10:05:38] Total Candidates: 1200
Now batch:  200
[12/17 10:07:59] Generating the candidates...
[12/17 10:07:59] Total Candidates: 1200
Now batch:  201
[12/17 10:10:20] Generating the candidates...
[12/17 10:10:20] Total Candidates: 1200
Now batch:  202
[12/17 10:12:41] Generating the candidates...
[12/17 10:12:41] Total Candidates: 1200
Now batch:  203
[12/17 10:15:02] Generating the candidates...
[12/17 10:15:02] Total Candidates: 1200
Now batch:  204
[12/17 10:17:23] Generating the candidates...
[12/17 10:17:23] Total Candidates: 1200
Now batch:  205
[12/17 10:19:44] Generating the candidates...
[12/17 10:19:44] Total Candidates: 1200
Now batch:  206
[12/17 10:22:06] Generating the candidates...
[12/17 10:22:06] Total Candidates: 1200
Now batch:  207
[12/17 10:24:26] Generating the candidates...
[12/17 10:24:26] Total Candidates: 1200
Now batch:  208
[12/17 10:26:48] Generating the candidates...
[12/17 10:26:48] Total Candidates: 1200
Now batch:  209
[12/17 10:29:10] Generating the candidates...
[12/17 10:29:10] Total Candidates: 1200
Now batch:  210
[12/17 10:31:31] Generating the candidates...
[12/17 10:31:31] Total Candidates: 1200
Now batch:  211
[12/17 10:33:51] Generating the candidates...
[12/17 10:33:51] Total Candidates: 1200
Now batch:  212
[12/17 10:36:12] Generating the candidates...
[12/17 10:36:12] Total Candidates: 1200
Now batch:  213
[12/17 10:38:32] Generating the candidates...
[12/17 10:38:32] Total Candidates: 1200
Now batch:  214
[12/17 10:40:54] Generating the candidates...
[12/17 10:40:54] Total Candidates: 1200
Now batch:  215
[12/17 10:43:16] Generating the candidates...
[12/17 10:43:16] Total Candidates: 1200
Now batch:  216
[12/17 10:45:37] Generating the candidates...
[12/17 10:45:37] Total Candidates: 1200
Now batch:  217
[12/17 10:47:58] Generating the candidates...
[12/17 10:47:58] Total Candidates: 1200
Now batch:  218
[12/17 10:50:19] Generating the candidates...
[12/17 10:50:19] Total Candidates: 1200
Now batch:  219
[12/17 10:52:40] Generating the candidates...
[12/17 10:52:40] Total Candidates: 1200
Now batch:  220
[12/17 10:55:01] Generating the candidates...
[12/17 10:55:01] Total Candidates: 1200
Now batch:  221
[12/17 10:57:21] Generating the candidates...
[12/17 10:57:21] Total Candidates: 1200
Now batch:  222
[12/17 10:59:43] Generating the candidates...
[12/17 10:59:43] Total Candidates: 1200
Now batch:  223
[12/17 11:02:04] Generating the candidates...
[12/17 11:02:04] Total Candidates: 1200
Now batch:  224
[12/17 11:04:26] Generating the candidates...
[12/17 11:04:26] Total Candidates: 1200
Now batch:  225
[12/17 11:06:48] Generating the candidates...
[12/17 11:06:48] Total Candidates: 1200
Now batch:  226
[12/17 11:09:09] Generating the candidates...
[12/17 11:09:09] Total Candidates: 1200
Now batch:  227
[12/17 11:11:30] Generating the candidates...
[12/17 11:11:30] Total Candidates: 1200
Now batch:  228
[12/17 11:13:52] Generating the candidates...
[12/17 11:13:52] Total Candidates: 1200
Now batch:  229
[12/17 11:16:13] Generating the candidates...
[12/17 11:16:13] Total Candidates: 1200
Now batch:  230
[12/17 11:18:33] Generating the candidates...
[12/17 11:18:33] Total Candidates: 1200
Now batch:  231
[12/17 11:20:54] Generating the candidates...
[12/17 11:20:54] Total Candidates: 1200
Now batch:  232
[12/17 11:23:15] Generating the candidates...
[12/17 11:23:15] Total Candidates: 1200
Now batch:  233
[12/17 11:25:35] Generating the candidates...
[12/17 11:25:35] Total Candidates: 1200
Now batch:  234
[12/17 11:27:56] Generating the candidates...
[12/17 11:27:56] Total Candidates: 1200
Now batch:  235
[12/17 11:30:17] Generating the candidates...
[12/17 11:30:17] Total Candidates: 1200
Now batch:  236
[12/17 11:32:36] Generating the candidates...
[12/17 11:32:36] Total Candidates: 1200
Now batch:  237
[12/17 11:34:57] Generating the candidates...
[12/17 11:34:57] Total Candidates: 1200
Now batch:  238
[12/17 11:37:19] Generating the candidates...
[12/17 11:37:19] Total Candidates: 1200
Now batch:  239
[12/17 11:39:41] Generating the candidates...
[12/17 11:39:41] Total Candidates: 1200
Now batch:  240
[12/17 11:42:02] Generating the candidates...
[12/17 11:42:02] Total Candidates: 1200
Now batch:  241
[12/17 11:44:23] Generating the candidates...
[12/17 11:44:23] Total Candidates: 1200
Now batch:  242
[12/17 11:46:45] Generating the candidates...
[12/17 11:46:45] Total Candidates: 1200
Now batch:  243
[12/17 11:49:07] Generating the candidates...
[12/17 11:49:07] Total Candidates: 1200
Now batch:  244
[12/17 11:51:28] Generating the candidates...
[12/17 11:51:28] Total Candidates: 1200
Now batch:  245
[12/17 11:53:49] Generating the candidates...
[12/17 11:53:49] Total Candidates: 1200
Now batch:  246
[12/17 11:56:10] Generating the candidates...
[12/17 11:56:10] Total Candidates: 1200
Now batch:  247
[12/17 11:58:31] Generating the candidates...
[12/17 11:58:31] Total Candidates: 1200
Now batch:  248
[12/18 12:00:52] Generating the candidates...
[12/18 12:00:52] Total Candidates: 1200
Now batch:  249
[12/18 12:03:13] Generating the candidates...
[12/18 12:03:13] Total Candidates: 1200
Now batch:  250
[12/18 12:05:35] Generating the candidates...
[12/18 12:05:35] Total Candidates: 1200
Now batch:  251
[12/18 12:07:55] Generating the candidates...
[12/18 12:07:55] Total Candidates: 1200
Now batch:  252
[12/18 12:10:16] Generating the candidates...
[12/18 12:10:16] Total Candidates: 1200
Now batch:  253
[12/18 12:12:37] Generating the candidates...
[12/18 12:12:37] Total Candidates: 1200
Now batch:  254
[12/18 12:14:58] Generating the candidates...
[12/18 12:14:58] Total Candidates: 1200
Now batch:  255
[12/18 12:17:19] Generating the candidates...
[12/18 12:17:19] Total Candidates: 1200
Now batch:  256
[12/18 12:19:40] Generating the candidates...
[12/18 12:19:40] Total Candidates: 1200
Now batch:  257
[12/18 12:22:01] Generating the candidates...
[12/18 12:22:01] Total Candidates: 1200
Now batch:  258
[12/18 12:24:23] Generating the candidates...
[12/18 12:24:23] Total Candidates: 1200
Now batch:  259
[12/18 12:26:45] Generating the candidates...
[12/18 12:26:45] Total Candidates: 1200
Now batch:  260
[12/18 12:29:05] Generating the candidates...
[12/18 12:29:05] Total Candidates: 1200
Now batch:  261
[12/18 12:31:27] Generating the candidates...
[12/18 12:31:27] Total Candidates: 1200
Now batch:  262
[12/18 12:33:48] Generating the candidates...
[12/18 12:33:48] Total Candidates: 1200
Now batch:  263
[12/18 12:36:10] Generating the candidates...
[12/18 12:36:10] Total Candidates: 1200
Now batch:  264
[12/18 12:38:32] Generating the candidates...
[12/18 12:38:32] Total Candidates: 1200
Now batch:  265
[12/18 12:40:54] Generating the candidates...
[12/18 12:40:54] Total Candidates: 1200
Now batch:  266
[12/18 12:43:16] Generating the candidates...
[12/18 12:43:16] Total Candidates: 1200
Now batch:  267
[12/18 12:45:37] Generating the candidates...
[12/18 12:45:37] Total Candidates: 1200
Now batch:  268
[12/18 12:47:58] Generating the candidates...
[12/18 12:47:58] Total Candidates: 1200
Now batch:  269
[12/18 12:50:20] Generating the candidates...
[12/18 12:50:20] Total Candidates: 1200
Now batch:  270
[12/18 12:52:42] Generating the candidates...
[12/18 12:52:42] Total Candidates: 1200
Now batch:  271
[12/18 12:55:04] Generating the candidates...
[12/18 12:55:04] Total Candidates: 1200
Now batch:  272
[12/18 12:57:24] Generating the candidates...
[12/18 12:57:24] Total Candidates: 1200
Now batch:  273
[12/18 12:59:46] Generating the candidates...
[12/18 12:59:46] Total Candidates: 1200
Now batch:  274
[12/18 01:02:08] Generating the candidates...
[12/18 01:02:08] Total Candidates: 1200
Now batch:  275
[12/18 01:04:30] Generating the candidates...
[12/18 01:04:30] Total Candidates: 1200
Now batch:  276
[12/18 01:06:51] Generating the candidates...
[12/18 01:06:51] Total Candidates: 1200
Now batch:  277
[12/18 01:09:13] Generating the candidates...
[12/18 01:09:13] Total Candidates: 1200
Now batch:  278
[12/18 01:11:35] Generating the candidates...
[12/18 01:11:35] Total Candidates: 1200
Now batch:  279
[12/18 01:13:56] Generating the candidates...
[12/18 01:13:56] Total Candidates: 1200
Now batch:  280
[12/18 01:16:17] Generating the candidates...
[12/18 01:16:17] Total Candidates: 1200
Now batch:  281
[12/18 01:18:38] Generating the candidates...
[12/18 01:18:38] Total Candidates: 1200
Now batch:  282
[12/18 01:20:59] Generating the candidates...
[12/18 01:20:59] Total Candidates: 1200
Now batch:  283
[12/18 01:23:21] Generating the candidates...
[12/18 01:23:21] Total Candidates: 1200
Now batch:  284
[12/18 01:25:43] Generating the candidates...
[12/18 01:25:43] Total Candidates: 1200
Now batch:  285
[12/18 01:28:05] Generating the candidates...
[12/18 01:28:05] Total Candidates: 1200
Now batch:  286
[12/18 01:30:26] Generating the candidates...
[12/18 01:30:26] Total Candidates: 1200
Now batch:  287
[12/18 01:32:48] Generating the candidates...
[12/18 01:32:48] Total Candidates: 1200
Now batch:  288
[12/18 01:35:10] Generating the candidates...
[12/18 01:35:10] Total Candidates: 1200
Now batch:  289
[12/18 01:37:32] Generating the candidates...
[12/18 01:37:32] Total Candidates: 1200
Now batch:  290
[12/18 01:39:53] Generating the candidates...
[12/18 01:39:53] Total Candidates: 1200
Now batch:  291
[12/18 01:42:14] Generating the candidates...
[12/18 01:42:14] Total Candidates: 1200
Now batch:  292
[12/18 01:44:35] Generating the candidates...
[12/18 01:44:35] Total Candidates: 1200
Now batch:  293
[12/18 01:46:58] Generating the candidates...
[12/18 01:46:58] Total Candidates: 1200
Now batch:  294
[12/18 01:49:19] Generating the candidates...
[12/18 01:49:19] Total Candidates: 1200
Now batch:  295
[12/18 01:51:40] Generating the candidates...
[12/18 01:51:40] Total Candidates: 1200
Now batch:  296
[12/18 01:54:02] Generating the candidates...
[12/18 01:54:02] Total Candidates: 1200
Now batch:  297
[12/18 01:56:23] Generating the candidates...
[12/18 01:56:23] Total Candidates: 1200
Now batch:  298
[12/18 01:58:44] Generating the candidates...
[12/18 01:58:44] Total Candidates: 1200
Now batch:  299
[12/18 02:01:06] Generating the candidates...
[12/18 02:01:06] Total Candidates: 1200
Now batch:  300
[12/18 02:03:28] Generating the candidates...
[12/18 02:03:28] Total Candidates: 1200
Now batch:  301
[12/18 02:05:50] Generating the candidates...
[12/18 02:05:50] Total Candidates: 1200
Now batch:  302
[12/18 02:08:12] Generating the candidates...
[12/18 02:08:12] Total Candidates: 1200
Now batch:  303
[12/18 02:10:34] Generating the candidates...
[12/18 02:10:34] Total Candidates: 1200
Now batch:  304
[12/18 02:12:55] Generating the candidates...
[12/18 02:12:55] Total Candidates: 1200
Now batch:  305
[12/18 02:15:17] Generating the candidates...
[12/18 02:15:17] Total Candidates: 1200
Now batch:  306
[12/18 02:17:38] Generating the candidates...
[12/18 02:17:38] Total Candidates: 1200
Now batch:  307
[12/18 02:20:00] Generating the candidates...
[12/18 02:20:00] Total Candidates: 1200
Now batch:  308
[12/18 02:22:21] Generating the candidates...
[12/18 02:22:21] Total Candidates: 1200
Now batch:  309
[12/18 02:24:42] Generating the candidates...
[12/18 02:24:42] Total Candidates: 1200
Now batch:  310
[12/18 02:27:04] Generating the candidates...
[12/18 02:27:04] Total Candidates: 1200
Now batch:  311
[12/18 02:29:26] Generating the candidates...
[12/18 02:29:26] Total Candidates: 1200
Now batch:  312
[12/18 02:31:48] Generating the candidates...
[12/18 02:31:48] Total Candidates: 1200
Now batch:  313
[12/18 02:34:09] Generating the candidates...
[12/18 02:34:09] Total Candidates: 1200
Now batch:  314
[12/18 02:36:31] Generating the candidates...
[12/18 02:36:31] Total Candidates: 1200
Now batch:  315
[12/18 02:38:53] Generating the candidates...
[12/18 02:38:53] Total Candidates: 1200
Now batch:  316
[12/18 02:41:15] Generating the candidates...
[12/18 02:41:15] Total Candidates: 1200
Now batch:  317
[12/18 02:43:37] Generating the candidates...
[12/18 02:43:37] Total Candidates: 1200
Now batch:  318
[12/18 02:45:59] Generating the candidates...
[12/18 02:45:59] Total Candidates: 1200
Now batch:  319
[12/18 02:48:20] Generating the candidates...
[12/18 02:48:20] Total Candidates: 1200
Now batch:  320
[12/18 02:50:43] Generating the candidates...
[12/18 02:50:43] Total Candidates: 1200
Now batch:  321
[12/18 02:53:05] Generating the candidates...
[12/18 02:53:05] Total Candidates: 1200
Now batch:  322
[12/18 02:55:27] Generating the candidates...
[12/18 02:55:27] Total Candidates: 1200
Now batch:  323
[12/18 02:57:49] Generating the candidates...
[12/18 02:57:49] Total Candidates: 1200
Now batch:  324
[12/18 03:00:10] Generating the candidates...
[12/18 03:00:10] Total Candidates: 1200
Now batch:  325
[12/18 03:02:31] Generating the candidates...
[12/18 03:02:31] Total Candidates: 1200
Now batch:  326
[12/18 03:04:53] Generating the candidates...
[12/18 03:04:53] Total Candidates: 1200
Now batch:  327
[12/18 03:07:15] Generating the candidates...
[12/18 03:07:15] Total Candidates: 1200
Now batch:  328
[12/18 03:09:36] Generating the candidates...
[12/18 03:09:36] Total Candidates: 1200
Now batch:  329
[12/18 03:11:58] Generating the candidates...
[12/18 03:11:58] Total Candidates: 1200
Now batch:  330
[12/18 03:14:19] Generating the candidates...
[12/18 03:14:19] Total Candidates: 1200
Now batch:  331
[12/18 03:16:41] Generating the candidates...
[12/18 03:16:41] Total Candidates: 1200
Now batch:  332
[12/18 03:19:03] Generating the candidates...
[12/18 03:19:03] Total Candidates: 1200
Now batch:  333
[12/18 03:21:24] Generating the candidates...
[12/18 03:21:24] Total Candidates: 1200
Now batch:  334
[12/18 03:23:45] Generating the candidates...
[12/18 03:23:45] Total Candidates: 1200
Now batch:  335
[12/18 03:26:06] Generating the candidates...
[12/18 03:26:06] Total Candidates: 1200
Now batch:  336
[12/18 03:28:28] Generating the candidates...
[12/18 03:28:28] Total Candidates: 1200
Now batch:  337
[12/18 03:30:50] Generating the candidates...
[12/18 03:30:50] Total Candidates: 1200
Now batch:  338
[12/18 03:33:12] Generating the candidates...
[12/18 03:33:12] Total Candidates: 1200
Now batch:  339
[12/18 03:35:34] Generating the candidates...
[12/18 03:35:34] Total Candidates: 1200
Now batch:  340
[12/18 03:37:56] Generating the candidates...
[12/18 03:37:56] Total Candidates: 1200
Now batch:  341
[12/18 03:40:17] Generating the candidates...
[12/18 03:40:17] Total Candidates: 1200
Now batch:  342
[12/18 03:42:38] Generating the candidates...
[12/18 03:42:38] Total Candidates: 1200
Now batch:  343
[12/18 03:44:59] Generating the candidates...
[12/18 03:44:59] Total Candidates: 1200
Now batch:  344
[12/18 03:47:21] Generating the candidates...
[12/18 03:47:21] Total Candidates: 1200
Now batch:  345
[12/18 03:49:43] Generating the candidates...
[12/18 03:49:43] Total Candidates: 1200
Now batch:  346
[12/18 03:52:04] Generating the candidates...
[12/18 03:52:04] Total Candidates: 1200
Now batch:  347
[12/18 03:54:27] Generating the candidates...
[12/18 03:54:27] Total Candidates: 1200
Now batch:  348
[12/18 03:56:49] Generating the candidates...
[12/18 03:56:49] Total Candidates: 1200
Now batch:  349
[12/18 03:59:09] Generating the candidates...
[12/18 03:59:09] Total Candidates: 1200
Now batch:  350
[12/18 04:01:32] Generating the candidates...
[12/18 04:01:32] Total Candidates: 1200
Now batch:  351
[12/18 04:03:53] Generating the candidates...
[12/18 04:03:53] Total Candidates: 1200
Now batch:  352
[12/18 04:06:14] Generating the candidates...
[12/18 04:06:14] Total Candidates: 1200
Now batch:  353
[12/18 04:08:35] Generating the candidates...
[12/18 04:08:35] Total Candidates: 1200
Now batch:  354
[12/18 04:10:56] Generating the candidates...
[12/18 04:10:56] Total Candidates: 1200
Now batch:  355
[12/18 04:13:17] Generating the candidates...
[12/18 04:13:17] Total Candidates: 1200
Now batch:  356
[12/18 04:15:38] Generating the candidates...
[12/18 04:15:38] Total Candidates: 1200
Now batch:  357
[12/18 04:18:00] Generating the candidates...
[12/18 04:18:00] Total Candidates: 1200
Now batch:  358
[12/18 04:20:22] Generating the candidates...
[12/18 04:20:22] Total Candidates: 1200
Now batch:  359
[12/18 04:22:44] Generating the candidates...
[12/18 04:22:44] Total Candidates: 1200
Now batch:  360
[12/18 04:25:05] Generating the candidates...
[12/18 04:25:05] Total Candidates: 1200
Now batch:  361
[12/18 04:27:27] Generating the candidates...
[12/18 04:27:27] Total Candidates: 1200
Now batch:  362
[12/18 04:29:48] Generating the candidates...
[12/18 04:29:48] Total Candidates: 1200
Now batch:  363
[12/18 04:32:09] Generating the candidates...
[12/18 04:32:09] Total Candidates: 1200
Now batch:  364
[12/18 04:34:30] Generating the candidates...
[12/18 04:34:30] Total Candidates: 1200
Now batch:  365
[12/18 04:36:53] Generating the candidates...
[12/18 04:36:53] Total Candidates: 1200
Now batch:  366
[12/18 04:39:15] Generating the candidates...
[12/18 04:39:15] Total Candidates: 1200
Now batch:  367
[12/18 04:41:37] Generating the candidates...
[12/18 04:41:37] Total Candidates: 1200
Now batch:  368
[12/18 04:43:59] Generating the candidates...
[12/18 04:43:59] Total Candidates: 1200
Now batch:  369
[12/18 04:46:20] Generating the candidates...
[12/18 04:46:20] Total Candidates: 1200
Now batch:  370
[12/18 04:48:41] Generating the candidates...
[12/18 04:48:41] Total Candidates: 1200
Now batch:  371
[12/18 04:51:02] Generating the candidates...
[12/18 04:51:02] Total Candidates: 1200
Now batch:  372
[12/18 04:53:24] Generating the candidates...
[12/18 04:53:24] Total Candidates: 1200
Now batch:  373
[12/18 04:55:45] Generating the candidates...
[12/18 04:55:45] Total Candidates: 1200
Now batch:  374
[12/18 04:58:06] Generating the candidates...
[12/18 04:58:06] Total Candidates: 1200
Now batch:  375
[12/18 05:00:27] Generating the candidates...
[12/18 05:00:27] Total Candidates: 1200
Now batch:  376
[12/18 05:02:49] Generating the candidates...
[12/18 05:02:49] Total Candidates: 1200
Now batch:  377
[12/18 05:05:11] Generating the candidates...
[12/18 05:05:11] Total Candidates: 1200
Now batch:  378
[12/18 05:07:32] Generating the candidates...
[12/18 05:07:32] Total Candidates: 1200
Now batch:  379
[12/18 05:09:54] Generating the candidates...
[12/18 05:09:54] Total Candidates: 1200
Now batch:  380
[12/18 05:12:16] Generating the candidates...
[12/18 05:12:16] Total Candidates: 1200
Now batch:  381
[12/18 05:14:37] Generating the candidates...
[12/18 05:14:37] Total Candidates: 1200
Now batch:  382
[12/18 05:16:58] Generating the candidates...
[12/18 05:16:58] Total Candidates: 1200
Now batch:  383
[12/18 05:19:19] Generating the candidates...
[12/18 05:19:19] Total Candidates: 1200
Now batch:  384
[12/18 05:21:40] Generating the candidates...
[12/18 05:21:40] Total Candidates: 1200
Now batch:  385
[12/18 05:24:02] Generating the candidates...
[12/18 05:24:02] Total Candidates: 1200
Now batch:  386
[12/18 05:26:24] Generating the candidates...
[12/18 05:26:24] Total Candidates: 1200
Now batch:  387
[12/18 05:28:45] Generating the candidates...
[12/18 05:28:45] Total Candidates: 1200
Now batch:  388
[12/18 05:31:06] Generating the candidates...
[12/18 05:31:06] Total Candidates: 1200
Now batch:  389
[12/18 05:33:27] Generating the candidates...
[12/18 05:33:27] Total Candidates: 1200
Now batch:  390
[12/18 05:35:49] Generating the candidates...
[12/18 05:35:49] Total Candidates: 1200
Now batch:  391
[12/18 05:38:10] Generating the candidates...
[12/18 05:38:10] Total Candidates: 1200
Now batch:  392
[12/18 05:40:32] Generating the candidates...
[12/18 05:40:32] Total Candidates: 1200
Now batch:  393
[12/18 05:42:53] Generating the candidates...
[12/18 05:42:53] Total Candidates: 1200
Now batch:  394
[12/18 05:45:15] Generating the candidates...
[12/18 05:45:15] Total Candidates: 1200
Now batch:  395
[12/18 05:47:37] Generating the candidates...
[12/18 05:47:37] Total Candidates: 1200
Now batch:  396
[12/18 05:49:59] Generating the candidates...
[12/18 05:49:59] Total Candidates: 1200
Now batch:  397
[12/18 05:52:21] Generating the candidates...
[12/18 05:52:21] Total Candidates: 1200
Now batch:  398
[12/18 05:54:44] Generating the candidates...
[12/18 05:54:44] Total Candidates: 1200
Now batch:  399
[12/18 05:57:06] Generating the candidates...
[12/18 05:57:06] Total Candidates: 1200
Now batch:  400
[12/18 05:59:27] Generating the candidates...
[12/18 05:59:27] Total Candidates: 1200
Now batch:  401
[12/18 06:01:49] Generating the candidates...
[12/18 06:01:49] Total Candidates: 1200
Now batch:  402
[12/18 06:04:11] Generating the candidates...
[12/18 06:04:11] Total Candidates: 1200
Now batch:  403
[12/18 06:06:32] Generating the candidates...
[12/18 06:06:32] Total Candidates: 1200
Now batch:  404
[12/18 06:08:56] Generating the candidates...
[12/18 06:08:56] Total Candidates: 1200
Now batch:  405
[12/18 06:11:17] Generating the candidates...
[12/18 06:11:17] Total Candidates: 1200
Now batch:  406
[12/18 06:13:38] Generating the candidates...
[12/18 06:13:38] Total Candidates: 1200
Now batch:  407
[12/18 06:16:00] Generating the candidates...
[12/18 06:16:00] Total Candidates: 1200
Now batch:  408
[12/18 06:18:20] Generating the candidates...
[12/18 06:18:20] Total Candidates: 1200
Now batch:  409
[12/18 06:20:40] Generating the candidates...
[12/18 06:20:40] Total Candidates: 1200
Now batch:  410
[12/18 06:23:02] Generating the candidates...
[12/18 06:23:02] Total Candidates: 1200
Now batch:  411
[12/18 06:25:24] Generating the candidates...
[12/18 06:25:24] Total Candidates: 1200
Now batch:  412
[12/18 06:27:45] Generating the candidates...
[12/18 06:27:45] Total Candidates: 1200
Now batch:  413
[12/18 06:30:08] Generating the candidates...
[12/18 06:30:08] Total Candidates: 1200
Now batch:  414
[12/18 06:32:30] Generating the candidates...
[12/18 06:32:30] Total Candidates: 1200
Now batch:  415
[12/18 06:34:52] Generating the candidates...
[12/18 06:34:52] Total Candidates: 1200
Now batch:  416
[12/18 06:37:14] Generating the candidates...
[12/18 06:37:14] Total Candidates: 1200
Now batch:  417
[12/18 06:39:34] Generating the candidates...
[12/18 06:39:34] Total Candidates: 1200
Now batch:  418
[12/18 06:41:55] Generating the candidates...
[12/18 06:41:55] Total Candidates: 1200
Now batch:  419
[12/18 06:44:17] Generating the candidates...
[12/18 06:44:17] Total Candidates: 1200
Now batch:  420
[12/18 06:46:38] Generating the candidates...
[12/18 06:46:38] Total Candidates: 1200
Now batch:  421
[12/18 06:48:59] Generating the candidates...
[12/18 06:48:59] Total Candidates: 1200
Now batch:  422
[12/18 06:51:21] Generating the candidates...
[12/18 06:51:21] Total Candidates: 1200
Now batch:  423
[12/18 06:53:42] Generating the candidates...
[12/18 06:53:42] Total Candidates: 1200
Now batch:  424
[12/18 06:56:02] Generating the candidates...
[12/18 06:56:02] Total Candidates: 1200
Now batch:  425
[12/18 06:58:23] Generating the candidates...
[12/18 06:58:23] Total Candidates: 1200
Now batch:  426
[12/18 07:00:44] Generating the candidates...
[12/18 07:00:44] Total Candidates: 1200
Now batch:  427
[12/18 07:03:06] Generating the candidates...
[12/18 07:03:06] Total Candidates: 1200
Now batch:  428
[12/18 07:05:28] Generating the candidates...
[12/18 07:05:28] Total Candidates: 1200
Now batch:  429
[12/18 07:07:49] Generating the candidates...
[12/18 07:07:49] Total Candidates: 1200
Now batch:  430
[12/18 07:10:10] Generating the candidates...
[12/18 07:10:10] Total Candidates: 1200
Now batch:  431
[12/18 07:12:32] Generating the candidates...
[12/18 07:12:32] Total Candidates: 1200
Now batch:  432
[12/18 07:14:53] Generating the candidates...
[12/18 07:14:53] Total Candidates: 1200
Now batch:  433
[12/18 07:17:14] Generating the candidates...
[12/18 07:17:14] Total Candidates: 1200
Now batch:  434
[12/18 07:19:35] Generating the candidates...
[12/18 07:19:35] Total Candidates: 1200
Now batch:  435
[12/18 07:21:56] Generating the candidates...
[12/18 07:21:56] Total Candidates: 1200
Now batch:  436
[12/18 07:24:18] Generating the candidates...
[12/18 07:24:18] Total Candidates: 1200
Now batch:  437
[12/18 07:26:39] Generating the candidates...
[12/18 07:26:39] Total Candidates: 1200
Now batch:  438
[12/18 07:29:00] Generating the candidates...
[12/18 07:29:00] Total Candidates: 1200
Now batch:  439
[12/18 07:31:22] Generating the candidates...
[12/18 07:31:22] Total Candidates: 1200
Now batch:  440
[12/18 07:33:43] Generating the candidates...
[12/18 07:33:43] Total Candidates: 1200
Now batch:  441
[12/18 07:36:04] Generating the candidates...
[12/18 07:36:04] Total Candidates: 1200
Now batch:  442
[12/18 07:38:26] Generating the candidates...
[12/18 07:38:26] Total Candidates: 1200
Now batch:  443
[12/18 07:40:47] Generating the candidates...
[12/18 07:40:47] Total Candidates: 1200
Now batch:  444
[12/18 07:43:09] Generating the candidates...
[12/18 07:43:09] Total Candidates: 1200
Now batch:  445
[12/18 07:45:31] Generating the candidates...
[12/18 07:45:31] Total Candidates: 1200
Now batch:  446
[12/18 07:47:52] Generating the candidates...
[12/18 07:47:52] Total Candidates: 1200
Now batch:  447
[12/18 07:50:13] Generating the candidates...
[12/18 07:50:13] Total Candidates: 1200
Now batch:  448
[12/18 07:52:35] Generating the candidates...
[12/18 07:52:35] Total Candidates: 1200
Now batch:  449
[12/18 07:54:57] Generating the candidates...
[12/18 07:54:57] Total Candidates: 1200
Now batch:  450
[12/18 07:57:17] Generating the candidates...
[12/18 07:57:17] Total Candidates: 1200
Now batch:  451
[12/18 07:59:39] Generating the candidates...
[12/18 07:59:39] Total Candidates: 1200
Now batch:  452
[12/18 08:02:00] Generating the candidates...
[12/18 08:02:00] Total Candidates: 1200
Now batch:  453
[12/18 08:04:22] Generating the candidates...
[12/18 08:04:22] Total Candidates: 1200
Now batch:  454
[12/18 08:06:43] Generating the candidates...
[12/18 08:06:43] Total Candidates: 1200
Now batch:  455
[12/18 08:09:05] Generating the candidates...
[12/18 08:09:05] Total Candidates: 1200
Now batch:  456
[12/18 08:11:27] Generating the candidates...
[12/18 08:11:27] Total Candidates: 1200
Now batch:  457
[12/18 08:13:48] Generating the candidates...
[12/18 08:13:48] Total Candidates: 1200
Now batch:  458
[12/18 08:16:09] Generating the candidates...
[12/18 08:16:09] Total Candidates: 1200
Now batch:  459
[12/18 08:18:32] Generating the candidates...
[12/18 08:18:32] Total Candidates: 1200
Now batch:  460
[12/18 08:20:53] Generating the candidates...
[12/18 08:20:53] Total Candidates: 1200
Now batch:  461
[12/18 08:23:15] Generating the candidates...
[12/18 08:23:15] Total Candidates: 1200
Now batch:  462
[12/18 08:25:36] Generating the candidates...
[12/18 08:25:36] Total Candidates: 1200
Now batch:  463
[12/18 08:27:56] Generating the candidates...
[12/18 08:27:56] Total Candidates: 1200
Now batch:  464
[12/18 08:30:18] Generating the candidates...
[12/18 08:30:18] Total Candidates: 1200
Now batch:  465
[12/18 08:32:39] Generating the candidates...
[12/18 08:32:39] Total Candidates: 1200
Now batch:  466
[12/18 08:35:01] Generating the candidates...
[12/18 08:35:01] Total Candidates: 1200
Now batch:  467
[12/18 08:37:21] Generating the candidates...
[12/18 08:37:21] Total Candidates: 1200
Now batch:  468
[12/18 08:39:43] Generating the candidates...
[12/18 08:39:43] Total Candidates: 1200
Now batch:  469
[12/18 08:42:04] Generating the candidates...
[12/18 08:42:04] Total Candidates: 1200
Now batch:  470
[12/18 08:44:26] Generating the candidates...
[12/18 08:44:26] Total Candidates: 1200
Now batch:  471
[12/18 08:46:47] Generating the candidates...
[12/18 08:46:47] Total Candidates: 1200
Now batch:  472
[12/18 08:49:08] Generating the candidates...
[12/18 08:49:08] Total Candidates: 1200
Now batch:  473
[12/18 08:51:31] Generating the candidates...
[12/18 08:51:31] Total Candidates: 1200
Now batch:  474
[12/18 08:53:52] Generating the candidates...
[12/18 08:53:52] Total Candidates: 1200
Now batch:  475
[12/18 08:56:14] Generating the candidates...
[12/18 08:56:14] Total Candidates: 1200
Now batch:  476
[12/18 08:58:36] Generating the candidates...
[12/18 08:58:36] Total Candidates: 1200
Now batch:  477
[12/18 09:00:56] Generating the candidates...
[12/18 09:00:56] Total Candidates: 1200
Now batch:  478
[12/18 09:03:18] Generating the candidates...
[12/18 09:03:18] Total Candidates: 1200
Now batch:  479
[12/18 09:05:39] Generating the candidates...
[12/18 09:05:39] Total Candidates: 1200
Now batch:  480
[12/18 09:08:00] Generating the candidates...
[12/18 09:08:01] Total Candidates: 1200
Now batch:  481
[12/18 09:10:21] Generating the candidates...
[12/18 09:10:21] Total Candidates: 1200
Now batch:  482
[12/18 09:12:42] Generating the candidates...
[12/18 09:12:42] Total Candidates: 1200
Now batch:  483
[12/18 09:15:03] Generating the candidates...
[12/18 09:15:03] Total Candidates: 1200
Now batch:  484
[12/18 09:17:24] Generating the candidates...
[12/18 09:17:24] Total Candidates: 1200
Now batch:  485
[12/18 09:19:46] Generating the candidates...
[12/18 09:19:46] Total Candidates: 1200
Now batch:  486
[12/18 09:22:07] Generating the candidates...
[12/18 09:22:07] Total Candidates: 1200
Now batch:  487
[12/18 09:24:29] Generating the candidates...
[12/18 09:24:29] Total Candidates: 1200
Now batch:  488
[12/18 09:26:50] Generating the candidates...
[12/18 09:26:50] Total Candidates: 1200
Now batch:  489
[12/18 09:29:13] Generating the candidates...
[12/18 09:29:13] Total Candidates: 1200
Now batch:  490
[12/18 09:31:34] Generating the candidates...
[12/18 09:31:34] Total Candidates: 1200
Now batch:  491
[12/18 09:33:54] Generating the candidates...
[12/18 09:33:54] Total Candidates: 1200
Now batch:  492
[12/18 09:36:16] Generating the candidates...
[12/18 09:36:16] Total Candidates: 1200
Now batch:  493
[12/18 09:38:36] Generating the candidates...
[12/18 09:38:36] Total Candidates: 1200
Now batch:  494
[12/18 09:40:58] Generating the candidates...
[12/18 09:40:58] Total Candidates: 1200
Now batch:  495
[12/18 09:43:19] Generating the candidates...
[12/18 09:43:19] Total Candidates: 1200
Now batch:  496
[12/18 09:45:41] Generating the candidates...
[12/18 09:45:41] Total Candidates: 1200
Now batch:  497
[12/18 09:48:02] Generating the candidates...
[12/18 09:48:02] Total Candidates: 1200
Now batch:  498
[12/18 09:50:24] Generating the candidates...
[12/18 09:50:24] Total Candidates: 1200
Now batch:  499
[12/18 09:52:46] Generating the candidates...
[12/18 09:52:46] Total Candidates: 1200
Now batch:  500
[12/18 09:55:07] Generating the candidates...
[12/18 09:55:07] Total Candidates: 1200
Now batch:  501
[12/18 09:57:29] Generating the candidates...
[12/18 09:57:29] Total Candidates: 1200
Now batch:  502
[12/18 09:59:50] Generating the candidates...
[12/18 09:59:50] Total Candidates: 1200
Now batch:  503
[12/18 10:02:12] Generating the candidates...
[12/18 10:02:12] Total Candidates: 1200
Now batch:  504
[12/18 10:04:34] Generating the candidates...
[12/18 10:04:34] Total Candidates: 1200
Now batch:  505
[12/18 10:06:56] Generating the candidates...
[12/18 10:06:56] Total Candidates: 1200
Now batch:  506
[12/18 10:09:18] Generating the candidates...
[12/18 10:09:18] Total Candidates: 1200
Now batch:  507
[12/18 10:11:40] Generating the candidates...
[12/18 10:11:40] Total Candidates: 1200
Now batch:  508
[12/18 10:14:01] Generating the candidates...
[12/18 10:14:01] Total Candidates: 1200
Now batch:  509
[12/18 10:16:24] Generating the candidates...
[12/18 10:16:24] Total Candidates: 1200
Now batch:  510
[12/18 10:18:45] Generating the candidates...
[12/18 10:18:45] Total Candidates: 1200
Now batch:  511
[12/18 10:21:06] Generating the candidates...
[12/18 10:21:06] Total Candidates: 1200
Now batch:  512
[12/18 10:23:28] Generating the candidates...
[12/18 10:23:28] Total Candidates: 1200
Now batch:  513
[12/18 10:25:50] Generating the candidates...
[12/18 10:25:50] Total Candidates: 1200
Now batch:  514
[12/18 10:28:12] Generating the candidates...
[12/18 10:28:12] Total Candidates: 1200
Now batch:  515
[12/18 10:30:35] Generating the candidates...
[12/18 10:30:35] Total Candidates: 1200
Now batch:  516
[12/18 10:32:56] Generating the candidates...
[12/18 10:32:56] Total Candidates: 1200
Now batch:  517
[12/18 10:35:18] Generating the candidates...
[12/18 10:35:18] Total Candidates: 1200
Now batch:  518
[12/18 10:37:41] Generating the candidates...
[12/18 10:37:41] Total Candidates: 1200
Now batch:  519
[12/18 10:40:03] Generating the candidates...
[12/18 10:40:03] Total Candidates: 1200
Now batch:  520
[12/18 10:42:25] Generating the candidates...
[12/18 10:42:25] Total Candidates: 1200
Now batch:  521
[12/18 10:44:46] Generating the candidates...
[12/18 10:44:46] Total Candidates: 1200
Now batch:  522
[12/18 10:47:07] Generating the candidates...
[12/18 10:47:07] Total Candidates: 1200
Now batch:  523
[12/18 10:49:28] Generating the candidates...
[12/18 10:49:28] Total Candidates: 1200
Now batch:  524
[12/18 10:51:50] Generating the candidates...
[12/18 10:51:50] Total Candidates: 1200
Now batch:  525
[12/18 10:54:12] Generating the candidates...
[12/18 10:54:12] Total Candidates: 1200
Now batch:  526
[12/18 10:56:34] Generating the candidates...
[12/18 10:56:34] Total Candidates: 1200
Now batch:  527
[12/18 10:58:56] Generating the candidates...
[12/18 10:58:56] Total Candidates: 1200
Now batch:  528
[12/18 11:01:17] Generating the candidates...
[12/18 11:01:17] Total Candidates: 1200
Now batch:  529
[12/18 11:03:39] Generating the candidates...
[12/18 11:03:39] Total Candidates: 1200
Now batch:  530
[12/18 11:06:01] Generating the candidates...
[12/18 11:06:01] Total Candidates: 1200
Now batch:  531
[12/18 11:08:22] Generating the candidates...
[12/18 11:08:22] Total Candidates: 1200
Now batch:  532
[12/18 11:10:43] Generating the candidates...
[12/18 11:10:43] Total Candidates: 1200
Now batch:  533
[12/18 11:13:05] Generating the candidates...
[12/18 11:13:05] Total Candidates: 1200
Now batch:  534
[12/18 11:15:25] Generating the candidates...
[12/18 11:15:25] Total Candidates: 1200
Now batch:  535
[12/18 11:17:47] Generating the candidates...
[12/18 11:17:47] Total Candidates: 1200
Now batch:  536
[12/18 11:20:08] Generating the candidates...
[12/18 11:20:08] Total Candidates: 1200
Now batch:  537
[12/18 11:22:30] Generating the candidates...
[12/18 11:22:30] Total Candidates: 1200
Now batch:  538
[12/18 11:24:52] Generating the candidates...
[12/18 11:24:52] Total Candidates: 1200
Now batch:  539
[12/18 11:27:13] Generating the candidates...
[12/18 11:27:13] Total Candidates: 1200
Now batch:  540
[12/18 11:29:34] Generating the candidates...
[12/18 11:29:34] Total Candidates: 1200
Now batch:  541
[12/18 11:31:56] Generating the candidates...
[12/18 11:31:56] Total Candidates: 1200
Now batch:  542
[12/18 11:34:18] Generating the candidates...
[12/18 11:34:18] Total Candidates: 1200
Now batch:  543
[12/18 11:36:39] Generating the candidates...
[12/18 11:36:39] Total Candidates: 1200
Now batch:  544
[12/18 11:39:00] Generating the candidates...
[12/18 11:39:00] Total Candidates: 1200
Now batch:  545
[12/18 11:41:22] Generating the candidates...
[12/18 11:41:22] Total Candidates: 1200
Now batch:  546
[12/18 11:43:42] Generating the candidates...
[12/18 11:43:42] Total Candidates: 1200
Now batch:  547
[12/18 11:46:03] Generating the candidates...
[12/18 11:46:03] Total Candidates: 1200
Now batch:  548
[12/18 11:48:25] Generating the candidates...
[12/18 11:48:25] Total Candidates: 1200
Now batch:  549
[12/18 11:50:47] Generating the candidates...
[12/18 11:50:47] Total Candidates: 1200
Now batch:  550
[12/18 11:53:08] Generating the candidates...
[12/18 11:53:08] Total Candidates: 1200
Now batch:  551
[12/18 11:55:29] Generating the candidates...
[12/18 11:55:29] Total Candidates: 1200
Now batch:  552
[12/18 11:57:51] Generating the candidates...
[12/18 11:57:51] Total Candidates: 1200
Now batch:  553
[12/18 12:00:13] Generating the candidates...
[12/18 12:00:13] Total Candidates: 1200
Now batch:  554
[12/18 12:02:36] Generating the candidates...
[12/18 12:02:36] Total Candidates: 1200
Now batch:  555
[12/18 12:04:58] Generating the candidates...
[12/18 12:04:58] Total Candidates: 1200
Now batch:  556
[12/18 12:07:18] Generating the candidates...
[12/18 12:07:18] Total Candidates: 1200
Now batch:  557
[12/18 12:09:40] Generating the candidates...
[12/18 12:09:40] Total Candidates: 1200
Now batch:  558
[12/18 12:12:02] Generating the candidates...
[12/18 12:12:02] Total Candidates: 1200
Now batch:  559
[12/18 12:14:23] Generating the candidates...
[12/18 12:14:23] Total Candidates: 1200
Now batch:  560
[12/18 12:16:45] Generating the candidates...
[12/18 12:16:45] Total Candidates: 1200
Now batch:  561
[12/18 12:19:06] Generating the candidates...
[12/18 12:19:06] Total Candidates: 1200
Now batch:  562
[12/18 12:21:29] Generating the candidates...
[12/18 12:21:29] Total Candidates: 1200
Now batch:  563
[12/18 12:23:50] Generating the candidates...
[12/18 12:23:50] Total Candidates: 1200
Now batch:  564
[12/18 12:26:12] Generating the candidates...
[12/18 12:26:12] Total Candidates: 1200
Now batch:  565
[12/18 12:28:34] Generating the candidates...
[12/18 12:28:34] Total Candidates: 1200
Now batch:  566
[12/18 12:30:56] Generating the candidates...
[12/18 12:30:56] Total Candidates: 1200
Now batch:  567
[12/18 12:33:17] Generating the candidates...
[12/18 12:33:17] Total Candidates: 1200
Now batch:  568
[12/18 12:35:39] Generating the candidates...
[12/18 12:35:39] Total Candidates: 1200
Now batch:  569
[12/18 12:38:00] Generating the candidates...
[12/18 12:38:00] Total Candidates: 1200
Now batch:  570
[12/18 12:40:22] Generating the candidates...
[12/18 12:40:22] Total Candidates: 1200
Now batch:  571
[12/18 12:42:42] Generating the candidates...
[12/18 12:42:42] Total Candidates: 1200
Now batch:  572
[12/18 12:45:04] Generating the candidates...
[12/18 12:45:04] Total Candidates: 1200
Now batch:  573
[12/18 12:47:25] Generating the candidates...
[12/18 12:47:25] Total Candidates: 1200
Now batch:  574
[12/18 12:49:47] Generating the candidates...
[12/18 12:49:47] Total Candidates: 1200
Now batch:  575
[12/18 12:52:07] Generating the candidates...
[12/18 12:52:07] Total Candidates: 1200
Now batch:  576
[12/18 12:54:28] Generating the candidates...
[12/18 12:54:28] Total Candidates: 1200
Now batch:  577
[12/18 12:56:50] Generating the candidates...
[12/18 12:56:50] Total Candidates: 1200
Now batch:  578
[12/18 12:59:13] Generating the candidates...
[12/18 12:59:13] Total Candidates: 1200
Now batch:  579
[12/18 01:01:35] Generating the candidates...
[12/18 01:01:35] Total Candidates: 1200
Now batch:  580
[12/18 01:03:56] Generating the candidates...
[12/18 01:03:56] Total Candidates: 1200
Now batch:  581
[12/18 01:06:17] Generating the candidates...
[12/18 01:06:17] Total Candidates: 1200
Now batch:  582
[12/18 01:08:38] Generating the candidates...
[12/18 01:08:38] Total Candidates: 1200
Now batch:  583
[12/18 01:11:00] Generating the candidates...
[12/18 01:11:00] Total Candidates: 1200
Now batch:  584
[12/18 01:13:22] Generating the candidates...
[12/18 01:13:22] Total Candidates: 1200
Now batch:  585
[12/18 01:15:43] Generating the candidates...
[12/18 01:15:43] Total Candidates: 1200
Now batch:  586
[12/18 01:18:05] Generating the candidates...
[12/18 01:18:05] Total Candidates: 1200
Now batch:  587
[12/18 01:20:27] Generating the candidates...
[12/18 01:20:27] Total Candidates: 1200
Now batch:  588
[12/18 01:22:49] Generating the candidates...
[12/18 01:22:49] Total Candidates: 1200
Now batch:  589
[12/18 01:25:10] Generating the candidates...
[12/18 01:25:10] Total Candidates: 1200
Now batch:  590
[12/18 01:27:32] Generating the candidates...
[12/18 01:27:32] Total Candidates: 1200
Now batch:  591
[12/18 01:29:53] Generating the candidates...
[12/18 01:29:53] Total Candidates: 1200
Now batch:  592
[12/18 01:32:15] Generating the candidates...
[12/18 01:32:15] Total Candidates: 1200
Now batch:  593
[12/18 01:34:36] Generating the candidates...
[12/18 01:34:36] Total Candidates: 1200
Now batch:  594
[12/18 01:36:57] Generating the candidates...
[12/18 01:36:57] Total Candidates: 1200
Now batch:  595
[12/18 01:39:19] Generating the candidates...
[12/18 01:39:19] Total Candidates: 1200
Now batch:  596
[12/18 01:41:40] Generating the candidates...
[12/18 01:41:40] Total Candidates: 1200
Now batch:  597
[12/18 01:44:01] Generating the candidates...
[12/18 01:44:02] Total Candidates: 1200
Now batch:  598
[12/18 01:46:23] Generating the candidates...
[12/18 01:46:23] Total Candidates: 1200
Now batch:  599
[12/18 01:48:45] Generating the candidates...
[12/18 01:48:45] Total Candidates: 1200
Now batch:  600
[12/18 01:51:07] Generating the candidates...
[12/18 01:51:07] Total Candidates: 1200
Now batch:  601
[12/18 01:53:28] Generating the candidates...
[12/18 01:53:28] Total Candidates: 1200
Now batch:  602
[12/18 01:55:50] Generating the candidates...
[12/18 01:55:50] Total Candidates: 1200
Now batch:  603
[12/18 01:58:11] Generating the candidates...
[12/18 01:58:11] Total Candidates: 1200
Now batch:  604
[12/18 02:00:33] Generating the candidates...
[12/18 02:00:33] Total Candidates: 1200
Now batch:  605
[12/18 02:02:55] Generating the candidates...
[12/18 02:02:55] Total Candidates: 1200
Now batch:  606
[12/18 02:05:16] Generating the candidates...
[12/18 02:05:16] Total Candidates: 1200
Now batch:  607
[12/18 02:07:37] Generating the candidates...
[12/18 02:07:37] Total Candidates: 1200
Now batch:  608
[12/18 02:09:59] Generating the candidates...
[12/18 02:09:59] Total Candidates: 1200
Now batch:  609
[12/18 02:12:20] Generating the candidates...
[12/18 02:12:20] Total Candidates: 1200
Now batch:  610
[12/18 02:14:41] Generating the candidates...
[12/18 02:14:41] Total Candidates: 1200
Now batch:  611
[12/18 02:17:03] Generating the candidates...
[12/18 02:17:03] Total Candidates: 1200
Now batch:  612
[12/18 02:19:25] Generating the candidates...
[12/18 02:19:25] Total Candidates: 1200
Now batch:  613
[12/18 02:21:47] Generating the candidates...
[12/18 02:21:47] Total Candidates: 1200
Now batch:  614
[12/18 02:24:08] Generating the candidates...
[12/18 02:24:08] Total Candidates: 1200
Now batch:  615
[12/18 02:26:30] Generating the candidates...
[12/18 02:26:30] Total Candidates: 1200
Now batch:  616
[12/18 02:28:51] Generating the candidates...
[12/18 02:28:51] Total Candidates: 1200
Now batch:  617
[12/18 02:31:13] Generating the candidates...
[12/18 02:31:13] Total Candidates: 1200
Now batch:  618
[12/18 02:33:34] Generating the candidates...
[12/18 02:33:34] Total Candidates: 1200
Now batch:  619
[12/18 02:35:56] Generating the candidates...
[12/18 02:35:56] Total Candidates: 1200
Now batch:  620
[12/18 02:38:18] Generating the candidates...
[12/18 02:38:18] Total Candidates: 1200
Now batch:  621
[12/18 02:40:40] Generating the candidates...
[12/18 02:40:40] Total Candidates: 1200
Now batch:  622
[12/18 02:43:02] Generating the candidates...
[12/18 02:43:02] Total Candidates: 1200
Now batch:  623
[12/18 02:45:24] Generating the candidates...
[12/18 02:45:24] Total Candidates: 1200
Now batch:  624
[12/18 02:47:46] Generating the candidates...
[12/18 02:47:46] Total Candidates: 1200
Now batch:  625
[12/18 02:50:08] Generating the candidates...
[12/18 02:50:08] Total Candidates: 1200
Now batch:  626
[12/18 02:52:29] Generating the candidates...
[12/18 02:52:29] Total Candidates: 1200
Now batch:  627
[12/18 02:54:51] Generating the candidates...
[12/18 02:54:51] Total Candidates: 1200
Now batch:  628
[12/18 02:57:12] Generating the candidates...
[12/18 02:57:12] Total Candidates: 1200
Now batch:  629
[12/18 02:59:34] Generating the candidates...
[12/18 02:59:34] Total Candidates: 1200
Now batch:  630
[12/18 03:01:55] Generating the candidates...
[12/18 03:01:55] Total Candidates: 1200
Now batch:  631
[12/18 03:04:16] Generating the candidates...
[12/18 03:04:16] Total Candidates: 1200
Now batch:  632
[12/18 03:06:38] Generating the candidates...
[12/18 03:06:38] Total Candidates: 1200
Now batch:  633
[12/18 03:09:00] Generating the candidates...
[12/18 03:09:00] Total Candidates: 1200
Now batch:  634
[12/18 03:11:22] Generating the candidates...
[12/18 03:11:22] Total Candidates: 1200
Now batch:  635
[12/18 03:13:43] Generating the candidates...
[12/18 03:13:43] Total Candidates: 1200
Now batch:  636
[12/18 03:16:05] Generating the candidates...
[12/18 03:16:05] Total Candidates: 1200
Now batch:  637
[12/18 03:18:26] Generating the candidates...
[12/18 03:18:26] Total Candidates: 1200
Now batch:  638
[12/18 03:20:48] Generating the candidates...
[12/18 03:20:48] Total Candidates: 1200
Now batch:  639
[12/18 03:23:12] Generating the candidates...
[12/18 03:23:12] Total Candidates: 1200
Now batch:  640
[12/18 03:25:33] Generating the candidates...
[12/18 03:25:33] Total Candidates: 1200
Now batch:  641
[12/18 03:27:55] Generating the candidates...
[12/18 03:27:55] Total Candidates: 1200
Now batch:  642
[12/18 03:30:17] Generating the candidates...
[12/18 03:30:17] Total Candidates: 1200
Now batch:  643
[12/18 03:32:38] Generating the candidates...
[12/18 03:32:38] Total Candidates: 1200
Now batch:  644
[12/18 03:34:59] Generating the candidates...
[12/18 03:34:59] Total Candidates: 1200
Now batch:  645
[12/18 03:37:20] Generating the candidates...
[12/18 03:37:20] Total Candidates: 1200
Now batch:  646
[12/18 03:39:43] Generating the candidates...
[12/18 03:39:43] Total Candidates: 1200
Now batch:  647
[12/18 03:42:04] Generating the candidates...
[12/18 03:42:04] Total Candidates: 1200
Now batch:  648
[12/18 03:44:27] Generating the candidates...
[12/18 03:44:27] Total Candidates: 1200
Now batch:  649
[12/18 03:46:48] Generating the candidates...
[12/18 03:46:48] Total Candidates: 1200
Now batch:  650
[12/18 03:49:09] Generating the candidates...
[12/18 03:49:09] Total Candidates: 1200
Now batch:  651
[12/18 03:51:31] Generating the candidates...
[12/18 03:51:31] Total Candidates: 1200
Now batch:  652
[12/18 03:53:53] Generating the candidates...
[12/18 03:53:53] Total Candidates: 1200
Now batch:  653
[12/18 03:56:15] Generating the candidates...
[12/18 03:56:15] Total Candidates: 1200
Now batch:  654
[12/18 03:58:37] Generating the candidates...
[12/18 03:58:37] Total Candidates: 1200
Now batch:  655
[12/18 04:00:58] Generating the candidates...
[12/18 04:00:58] Total Candidates: 1200
Now batch:  656
[12/18 04:03:18] Generating the candidates...
[12/18 04:03:18] Total Candidates: 1200
Now batch:  657
[12/18 04:05:39] Generating the candidates...
[12/18 04:05:39] Total Candidates: 1200
Now batch:  658
[12/18 04:08:00] Generating the candidates...
[12/18 04:08:00] Total Candidates: 1200
Now batch:  659
[12/18 04:10:22] Generating the candidates...
[12/18 04:10:22] Total Candidates: 1200
Now batch:  660
[12/18 04:12:43] Generating the candidates...
[12/18 04:12:43] Total Candidates: 1200
Now batch:  661
[12/18 04:15:05] Generating the candidates...
[12/18 04:15:05] Total Candidates: 1200
Now batch:  662
[12/18 04:17:26] Generating the candidates...
[12/18 04:17:26] Total Candidates: 1200
Now batch:  663
[12/18 04:19:48] Generating the candidates...
[12/18 04:19:48] Total Candidates: 1200
Now batch:  664
[12/18 04:22:09] Generating the candidates...
[12/18 04:22:09] Total Candidates: 1200
Now batch:  665
[12/18 04:24:30] Generating the candidates...
[12/18 04:24:30] Total Candidates: 1200
Now batch:  666
[12/18 04:26:51] Generating the candidates...
[12/18 04:26:51] Total Candidates: 1200
Now batch:  667
[12/18 04:29:13] Generating the candidates...
[12/18 04:29:13] Total Candidates: 1200
Now batch:  668
[12/18 04:31:34] Generating the candidates...
[12/18 04:31:34] Total Candidates: 1200
Now batch:  669
[12/18 04:33:55] Generating the candidates...
[12/18 04:33:55] Total Candidates: 1200
Now batch:  670
[12/18 04:36:16] Generating the candidates...
[12/18 04:36:16] Total Candidates: 1200
Now batch:  671
[12/18 04:38:37] Generating the candidates...
[12/18 04:38:37] Total Candidates: 1200
Now batch:  672
[12/18 04:40:59] Generating the candidates...
[12/18 04:40:59] Total Candidates: 1200
Now batch:  673
[12/18 04:43:20] Generating the candidates...
[12/18 04:43:20] Total Candidates: 1200
Now batch:  674
[12/18 04:45:42] Generating the candidates...
[12/18 04:45:42] Total Candidates: 1200
Now batch:  675
[12/18 04:48:03] Generating the candidates...
[12/18 04:48:03] Total Candidates: 1200
Now batch:  676
[12/18 04:50:24] Generating the candidates...
[12/18 04:50:24] Total Candidates: 1200
Now batch:  677
[12/18 04:52:46] Generating the candidates...
[12/18 04:52:46] Total Candidates: 1200
Now batch:  678
[12/18 04:55:08] Generating the candidates...
[12/18 04:55:08] Total Candidates: 1200
Now batch:  679
[12/18 04:57:30] Generating the candidates...
[12/18 04:57:30] Total Candidates: 1200
Now batch:  680
[12/18 04:59:52] Generating the candidates...
[12/18 04:59:52] Total Candidates: 1200
Now batch:  681
[12/18 05:02:13] Generating the candidates...
[12/18 05:02:13] Total Candidates: 1200
Now batch:  682
[12/18 05:04:34] Generating the candidates...
[12/18 05:04:34] Total Candidates: 1200
Now batch:  683
[12/18 05:06:55] Generating the candidates...
[12/18 05:06:55] Total Candidates: 1200
Now batch:  684
[12/18 05:09:16] Generating the candidates...
[12/18 05:09:16] Total Candidates: 1200
Now batch:  685
[12/18 05:11:38] Generating the candidates...
[12/18 05:11:38] Total Candidates: 1200
Now batch:  686
[12/18 05:14:00] Generating the candidates...
[12/18 05:14:00] Total Candidates: 1200
Now batch:  687
[12/18 05:16:22] Generating the candidates...
[12/18 05:16:22] Total Candidates: 1200
Now batch:  688
[12/18 05:18:44] Generating the candidates...
[12/18 05:18:44] Total Candidates: 1200
Now batch:  689
[12/18 05:21:05] Generating the candidates...
[12/18 05:21:05] Total Candidates: 1200
Now batch:  690
[12/18 05:23:27] Generating the candidates...
[12/18 05:23:27] Total Candidates: 1200
Now batch:  691
[12/18 05:25:49] Generating the candidates...
[12/18 05:25:49] Total Candidates: 1200
Now batch:  692
[12/18 05:28:10] Generating the candidates...
[12/18 05:28:10] Total Candidates: 1200
Now batch:  693
[12/18 05:30:31] Generating the candidates...
[12/18 05:30:31] Total Candidates: 1200
Now batch:  694
[12/18 05:32:53] Generating the candidates...
[12/18 05:32:53] Total Candidates: 1200
Now batch:  695
[12/18 05:35:15] Generating the candidates...
[12/18 05:35:15] Total Candidates: 1200
Now batch:  696
[12/18 05:37:36] Generating the candidates...
[12/18 05:37:36] Total Candidates: 1200
Now batch:  697
[12/18 05:39:57] Generating the candidates...
[12/18 05:39:57] Total Candidates: 1200
Now batch:  698
[12/18 05:42:17] Generating the candidates...
[12/18 05:42:17] Total Candidates: 1200
Now batch:  699
[12/18 05:44:38] Generating the candidates...
[12/18 05:44:38] Total Candidates: 1200
Now batch:  700
[12/18 05:46:59] Generating the candidates...
[12/18 05:46:59] Total Candidates: 1200
Now batch:  701
[12/18 05:49:20] Generating the candidates...
[12/18 05:49:20] Total Candidates: 1200
Now batch:  702
[12/18 05:51:42] Generating the candidates...
[12/18 05:51:42] Total Candidates: 1200
Now batch:  703
[12/18 05:54:03] Generating the candidates...
[12/18 05:54:03] Total Candidates: 1200
Now batch:  704
[12/18 05:56:25] Generating the candidates...
[12/18 05:56:25] Total Candidates: 1200
Now batch:  705
[12/18 05:58:47] Generating the candidates...
[12/18 05:58:47] Total Candidates: 1200
Now batch:  706
[12/18 06:01:09] Generating the candidates...
[12/18 06:01:09] Total Candidates: 1200
Now batch:  707
[12/18 06:03:30] Generating the candidates...
[12/18 06:03:30] Total Candidates: 1200
Now batch:  708
[12/18 06:05:53] Generating the candidates...
[12/18 06:05:53] Total Candidates: 1200
Now batch:  709
[12/18 06:08:14] Generating the candidates...
[12/18 06:08:14] Total Candidates: 1200
Now batch:  710
[12/18 06:10:37] Generating the candidates...
[12/18 06:10:37] Total Candidates: 1200
Now batch:  711
[12/18 06:12:58] Generating the candidates...
[12/18 06:12:58] Total Candidates: 1200
Now batch:  712
[12/18 06:15:19] Generating the candidates...
[12/18 06:15:19] Total Candidates: 1200
Now batch:  713
[12/18 06:17:41] Generating the candidates...
[12/18 06:17:41] Total Candidates: 1200
Now batch:  714
[12/18 06:20:02] Generating the candidates...
[12/18 06:20:02] Total Candidates: 1200
Now batch:  715
[12/18 06:22:23] Generating the candidates...
[12/18 06:22:23] Total Candidates: 1200
Now batch:  716
[12/18 06:24:43] Generating the candidates...
[12/18 06:24:43] Total Candidates: 1200
Now batch:  717
[12/18 06:27:05] Generating the candidates...
[12/18 06:27:05] Total Candidates: 1200
Now batch:  718
[12/18 06:29:27] Generating the candidates...
[12/18 06:29:27] Total Candidates: 1200
Now batch:  719
[12/18 06:31:48] Generating the candidates...
[12/18 06:31:48] Total Candidates: 1200
Now batch:  720
[12/18 06:34:10] Generating the candidates...
[12/18 06:34:10] Total Candidates: 1200
Now batch:  721
[12/18 06:36:33] Generating the candidates...
[12/18 06:36:33] Total Candidates: 1200
Now batch:  722
[12/18 06:38:54] Generating the candidates...
[12/18 06:38:54] Total Candidates: 1200
Now batch:  723
[12/18 06:41:16] Generating the candidates...
[12/18 06:41:16] Total Candidates: 1200
Now batch:  724
[12/18 06:43:38] Generating the candidates...
[12/18 06:43:38] Total Candidates: 1200
Now batch:  725
[12/18 06:46:00] Generating the candidates...
[12/18 06:46:00] Total Candidates: 1200
Now batch:  726
[12/18 06:48:21] Generating the candidates...
[12/18 06:48:21] Total Candidates: 1200
Now batch:  727
[12/18 06:50:42] Generating the candidates...
[12/18 06:50:42] Total Candidates: 1200
Now batch:  728
[12/18 06:53:03] Generating the candidates...
[12/18 06:53:03] Total Candidates: 1200
Now batch:  729
[12/18 06:55:26] Generating the candidates...
[12/18 06:55:26] Total Candidates: 1200
Now batch:  730
[12/18 06:57:46] Generating the candidates...
[12/18 06:57:46] Total Candidates: 1200
Now batch:  731
[12/18 07:00:08] Generating the candidates...
[12/18 07:00:08] Total Candidates: 1200
Now batch:  732
[12/18 07:02:29] Generating the candidates...
[12/18 07:02:29] Total Candidates: 1200
Now batch:  733
[12/18 07:04:51] Generating the candidates...
[12/18 07:04:51] Total Candidates: 1200
Now batch:  734
[12/18 07:07:13] Generating the candidates...
[12/18 07:07:13] Total Candidates: 1200
Now batch:  735
[12/18 07:09:35] Generating the candidates...
[12/18 07:09:35] Total Candidates: 1200
Now batch:  736
[12/18 07:11:55] Generating the candidates...
[12/18 07:11:55] Total Candidates: 1200
Now batch:  737
[12/18 07:14:17] Generating the candidates...
[12/18 07:14:17] Total Candidates: 1200
Now batch:  738
[12/18 07:16:38] Generating the candidates...
[12/18 07:16:38] Total Candidates: 1200
Now batch:  739
[12/18 07:19:00] Generating the candidates...
[12/18 07:19:00] Total Candidates: 1200
Now batch:  740
[12/18 07:21:22] Generating the candidates...
[12/18 07:21:22] Total Candidates: 1200
Now batch:  741
[12/18 07:23:43] Generating the candidates...
[12/18 07:23:43] Total Candidates: 1200
Now batch:  742
[12/18 07:26:05] Generating the candidates...
[12/18 07:26:05] Total Candidates: 1200
Now batch:  743
[12/18 07:28:28] Generating the candidates...
[12/18 07:28:28] Total Candidates: 1200
Now batch:  744
[12/18 07:30:49] Generating the candidates...
[12/18 07:30:49] Total Candidates: 1200
Now batch:  745
[12/18 07:33:12] Generating the candidates...
[12/18 07:33:12] Total Candidates: 1200
Now batch:  746
[12/18 07:35:32] Generating the candidates...
[12/18 07:35:32] Total Candidates: 1200
Now batch:  747
[12/18 07:37:52] Generating the candidates...
[12/18 07:37:52] Total Candidates: 1200
Now batch:  748
[12/18 07:40:14] Generating the candidates...
[12/18 07:40:14] Total Candidates: 1200
Now batch:  749
[12/18 07:42:36] Generating the candidates...
[12/18 07:42:36] Total Candidates: 1200
Now batch:  750
[12/18 07:44:57] Generating the candidates...
[12/18 07:44:57] Total Candidates: 1200
Now batch:  751
[12/18 07:47:18] Generating the candidates...
[12/18 07:47:18] Total Candidates: 1200
Now batch:  752
[12/18 07:49:39] Generating the candidates...
[12/18 07:49:39] Total Candidates: 1200
Now batch:  753
[12/18 07:52:01] Generating the candidates...
[12/18 07:52:01] Total Candidates: 1200
Now batch:  754
[12/18 07:54:23] Generating the candidates...
[12/18 07:54:23] Total Candidates: 1200
Now batch:  755
[12/18 07:56:44] Generating the candidates...
[12/18 07:56:44] Total Candidates: 1200
Now batch:  756
[12/18 07:59:06] Generating the candidates...
[12/18 07:59:06] Total Candidates: 1200
Now batch:  757
[12/18 08:01:27] Generating the candidates...
[12/18 08:01:27] Total Candidates: 1200
Now batch:  758
[12/18 08:03:49] Generating the candidates...
[12/18 08:03:49] Total Candidates: 1200
Now batch:  759
[12/18 08:06:11] Generating the candidates...
[12/18 08:06:11] Total Candidates: 1200
Now batch:  760
[12/18 08:08:32] Generating the candidates...
[12/18 08:08:32] Total Candidates: 1200
Now batch:  761
[12/18 08:10:54] Generating the candidates...
[12/18 08:10:54] Total Candidates: 1200
Now batch:  762
[12/18 08:13:17] Generating the candidates...
[12/18 08:13:17] Total Candidates: 1200
Now batch:  763
[12/18 08:15:37] Generating the candidates...
[12/18 08:15:37] Total Candidates: 1200
Now batch:  764
[12/18 08:17:59] Generating the candidates...
[12/18 08:17:59] Total Candidates: 1200
Now batch:  765
[12/18 08:20:19] Generating the candidates...
[12/18 08:20:19] Total Candidates: 1200
Now batch:  766
[12/18 08:22:42] Generating the candidates...
[12/18 08:22:42] Total Candidates: 1200
Now batch:  767
[12/18 08:25:03] Generating the candidates...
[12/18 08:25:03] Total Candidates: 1200
Now batch:  768
[12/18 08:27:25] Generating the candidates...
[12/18 08:27:25] Total Candidates: 1200
Now batch:  769
[12/18 08:29:46] Generating the candidates...
[12/18 08:29:46] Total Candidates: 1200
Now batch:  770
[12/18 08:32:07] Generating the candidates...
[12/18 08:32:07] Total Candidates: 1200
Now batch:  771
[12/18 08:34:29] Generating the candidates...
[12/18 08:34:29] Total Candidates: 1200
Now batch:  772
[12/18 08:36:49] Generating the candidates...
[12/18 08:36:49] Total Candidates: 1200
Now batch:  773
[12/18 08:39:11] Generating the candidates...
[12/18 08:39:11] Total Candidates: 1200
Now batch:  774
[12/18 08:41:34] Generating the candidates...
[12/18 08:41:34] Total Candidates: 1200
Now batch:  775
[12/18 08:43:56] Generating the candidates...
[12/18 08:43:56] Total Candidates: 1200
Now batch:  776
[12/18 08:46:17] Generating the candidates...
[12/18 08:46:17] Total Candidates: 1200
Now batch:  777
[12/18 08:48:39] Generating the candidates...
[12/18 08:48:39] Total Candidates: 1200
Now batch:  778
[12/18 08:51:01] Generating the candidates...
[12/18 08:51:01] Total Candidates: 1200
Now batch:  779
[12/18 08:53:23] Generating the candidates...
[12/18 08:53:23] Total Candidates: 1200
Now batch:  780
[12/18 08:55:45] Generating the candidates...
[12/18 08:55:45] Total Candidates: 1200
Now batch:  781
[12/18 08:58:07] Generating the candidates...
[12/18 08:58:07] Total Candidates: 1200
Now batch:  782
[12/18 09:00:28] Generating the candidates...
[12/18 09:00:28] Total Candidates: 1200
Now batch:  783
[12/18 09:02:51] Generating the candidates...
[12/18 09:02:51] Total Candidates: 1200
Now batch:  784
[12/18 09:05:12] Generating the candidates...
[12/18 09:05:12] Total Candidates: 1200
Now batch:  785
[12/18 09:07:33] Generating the candidates...
[12/18 09:07:33] Total Candidates: 1200
Now batch:  786
[12/18 09:09:54] Generating the candidates...
[12/18 09:09:54] Total Candidates: 1200
Now batch:  787
[12/18 09:12:16] Generating the candidates...
[12/18 09:12:16] Total Candidates: 1200
Now batch:  788
[12/18 09:14:36] Generating the candidates...
[12/18 09:14:36] Total Candidates: 1200
Now batch:  789
[12/18 09:16:57] Generating the candidates...
[12/18 09:16:57] Total Candidates: 1200
Now batch:  790
[12/18 09:19:20] Generating the candidates...
[12/18 09:19:20] Total Candidates: 1200
Now batch:  791
[12/18 09:21:41] Generating the candidates...
[12/18 09:21:42] Total Candidates: 1200
Now batch:  792
[12/18 09:24:03] Generating the candidates...
[12/18 09:24:03] Total Candidates: 1200
Now batch:  793
[12/18 09:26:24] Generating the candidates...
[12/18 09:26:24] Total Candidates: 1200
Now batch:  794
[12/18 09:28:45] Generating the candidates...
[12/18 09:28:45] Total Candidates: 1200
Now batch:  795
[12/18 09:31:07] Generating the candidates...
[12/18 09:31:08] Total Candidates: 1200
Now batch:  796
[12/18 09:33:30] Generating the candidates...
[12/18 09:33:30] Total Candidates: 1200
Now batch:  797
[12/18 09:35:50] Generating the candidates...
[12/18 09:35:50] Total Candidates: 1200
Now batch:  798
[12/18 09:38:12] Generating the candidates...
[12/18 09:38:12] Total Candidates: 1200
Now batch:  799
[12/18 09:40:33] Generating the candidates...
[12/18 09:40:33] Total Candidates: 1200
Now batch:  800
[12/18 09:42:55] Generating the candidates...
[12/18 09:42:55] Total Candidates: 1200
Now batch:  801
[12/18 09:45:17] Generating the candidates...
[12/18 09:45:17] Total Candidates: 1200
Now batch:  802
[12/18 09:47:39] Generating the candidates...
[12/18 09:47:39] Total Candidates: 1200
Now batch:  803
[12/18 09:50:00] Generating the candidates...
[12/18 09:50:00] Total Candidates: 1200
Now batch:  804
[12/18 09:52:21] Generating the candidates...
[12/18 09:52:21] Total Candidates: 1200
Now batch:  805
[12/18 09:54:43] Generating the candidates...
[12/18 09:54:43] Total Candidates: 1200
Now batch:  806
[12/18 09:57:04] Generating the candidates...
[12/18 09:57:04] Total Candidates: 1200
Now batch:  807
[12/18 09:59:26] Generating the candidates...
[12/18 09:59:26] Total Candidates: 1200
Now batch:  808
[12/18 10:01:48] Generating the candidates...
[12/18 10:01:48] Total Candidates: 1200
Now batch:  809
[12/18 10:04:10] Generating the candidates...
[12/18 10:04:10] Total Candidates: 1200
Now batch:  810
[12/18 10:06:31] Generating the candidates...
[12/18 10:06:31] Total Candidates: 1200
Now batch:  811
[12/18 10:08:52] Generating the candidates...
[12/18 10:08:52] Total Candidates: 1200
Now batch:  812
[12/18 10:11:14] Generating the candidates...
[12/18 10:11:14] Total Candidates: 1200
Now batch:  813
[12/18 10:13:36] Generating the candidates...
[12/18 10:13:36] Total Candidates: 1200
Now batch:  814
[12/18 10:15:57] Generating the candidates...
[12/18 10:15:57] Total Candidates: 1200
Now batch:  815
[12/18 10:18:19] Generating the candidates...
[12/18 10:18:19] Total Candidates: 1200
Now batch:  816
[12/18 10:20:41] Generating the candidates...
[12/18 10:20:41] Total Candidates: 1200
Now batch:  817
[12/18 10:23:03] Generating the candidates...
[12/18 10:23:03] Total Candidates: 1200
Now batch:  818
[12/18 10:25:25] Generating the candidates...
[12/18 10:25:25] Total Candidates: 1200
Now batch:  819
[12/18 10:27:46] Generating the candidates...
[12/18 10:27:46] Total Candidates: 1200
Now batch:  820
[12/18 10:30:08] Generating the candidates...
[12/18 10:30:08] Total Candidates: 1200
Now batch:  821
[12/18 10:32:30] Generating the candidates...
[12/18 10:32:30] Total Candidates: 1200
Now batch:  822
[12/18 10:34:51] Generating the candidates...
[12/18 10:34:51] Total Candidates: 1200
Now batch:  823
[12/18 10:37:12] Generating the candidates...
[12/18 10:37:12] Total Candidates: 1200
Now batch:  824
[12/18 10:39:32] Generating the candidates...
[12/18 10:39:32] Total Candidates: 1200
Now batch:  825
[12/18 10:41:54] Generating the candidates...
[12/18 10:41:54] Total Candidates: 1200
Now batch:  826
[12/18 10:44:17] Generating the candidates...
[12/18 10:44:17] Total Candidates: 1200
Now batch:  827
[12/18 10:46:32] Generating the candidates...
[12/18 10:46:32] Total Candidates: 1200
Now batch:  828
[12/18 10:48:44] Generating the candidates...
[12/18 10:48:44] Total Candidates: 1200
Now batch:  829
[12/18 10:51:04] Generating the candidates...
[12/18 10:51:04] Total Candidates: 1200
Now batch:  830
[12/18 10:53:17] Generating the candidates...
[12/18 10:53:17] Total Candidates: 1200
Now batch:  831
[12/18 10:55:28] Generating the candidates...
[12/18 10:55:28] Total Candidates: 1200
Now batch:  832
[12/18 10:57:43] Generating the candidates...
[12/18 10:57:43] Total Candidates: 1200
Now batch:  833
[12/18 11:00:05] Generating the candidates...
[12/18 11:00:05] Total Candidates: 1200
Now batch:  834
[12/18 11:02:26] Generating the candidates...
[12/18 11:02:26] Total Candidates: 1200
Now batch:  835
[12/18 11:04:47] Generating the candidates...
[12/18 11:04:47] Total Candidates: 1200
Now batch:  836
[12/18 11:07:09] Generating the candidates...
[12/18 11:07:09] Total Candidates: 1200
Now batch:  837
[12/18 11:09:31] Generating the candidates...
[12/18 11:09:31] Total Candidates: 1200
Now batch:  838
[12/18 11:11:52] Generating the candidates...
[12/18 11:11:52] Total Candidates: 1200
Now batch:  839
[12/18 11:14:15] Generating the candidates...
[12/18 11:14:15] Total Candidates: 1200
Now batch:  840
[12/18 11:16:37] Generating the candidates...
[12/18 11:16:37] Total Candidates: 1200
Now batch:  841
[12/18 11:18:59] Generating the candidates...
[12/18 11:18:59] Total Candidates: 1200
Now batch:  842
[12/18 11:21:21] Generating the candidates...
[12/18 11:21:21] Total Candidates: 1200
Now batch:  843
[12/18 11:23:42] Generating the candidates...
[12/18 11:23:42] Total Candidates: 1200
Now batch:  844
[12/18 11:26:03] Generating the candidates...
[12/18 11:26:03] Total Candidates: 1200
Now batch:  845
[12/18 11:28:24] Generating the candidates...
[12/18 11:28:24] Total Candidates: 1200
Now batch:  846
[12/18 11:30:38] Generating the candidates...
[12/18 11:30:38] Total Candidates: 1200
Now batch:  847
[12/18 11:32:49] Generating the candidates...
[12/18 11:32:49] Total Candidates: 1200
Now batch:  848
[12/18 11:35:08] Generating the candidates...
[12/18 11:35:08] Total Candidates: 1200
Now batch:  849
[12/18 11:37:20] Generating the candidates...
[12/18 11:37:20] Total Candidates: 1200
Now batch:  850
[12/18 11:39:34] Generating the candidates...
[12/18 11:39:34] Total Candidates: 1200
Now batch:  851
[12/18 11:41:56] Generating the candidates...
[12/18 11:41:56] Total Candidates: 1200
Now batch:  852
[12/18 11:44:17] Generating the candidates...
[12/18 11:44:17] Total Candidates: 1200
Now batch:  853
[12/18 11:46:32] Generating the candidates...
[12/18 11:46:32] Total Candidates: 1200
Now batch:  854
[12/18 11:48:43] Generating the candidates...
[12/18 11:48:43] Total Candidates: 1200
Now batch:  855
[12/18 11:51:03] Generating the candidates...
[12/18 11:51:03] Total Candidates: 1200
Now batch:  856
[12/18 11:53:23] Generating the candidates...
[12/18 11:53:23] Total Candidates: 1200
Now batch:  857
[12/18 11:55:44] Generating the candidates...
[12/18 11:55:44] Total Candidates: 1200
Now batch:  858
[12/18 11:58:00] Generating the candidates...
[12/18 11:58:00] Total Candidates: 1200
Now batch:  859
[12/19 12:00:12] Generating the candidates...
[12/19 12:00:12] Total Candidates: 1200
Now batch:  860
[12/19 12:02:28] Generating the candidates...
[12/19 12:02:28] Total Candidates: 1200
Now batch:  861
[12/19 12:04:40] Generating the candidates...
[12/19 12:04:40] Total Candidates: 1200
Now batch:  862
[12/19 12:06:56] Generating the candidates...
[12/19 12:06:56] Total Candidates: 1200
Now batch:  863
[12/19 12:09:18] Generating the candidates...
[12/19 12:09:18] Total Candidates: 1200
Now batch:  864
[12/19 12:11:38] Generating the candidates...
[12/19 12:11:38] Total Candidates: 1200
Now batch:  865
[12/19 12:14:00] Generating the candidates...
[12/19 12:14:00] Total Candidates: 1200
Now batch:  866
[12/19 12:16:22] Generating the candidates...
[12/19 12:16:22] Total Candidates: 1200
Now batch:  867
[12/19 12:18:43] Generating the candidates...
[12/19 12:18:43] Total Candidates: 1200
Now batch:  868
[12/19 12:21:06] Generating the candidates...
[12/19 12:21:06] Total Candidates: 1200
Now batch:  869
[12/19 12:23:28] Generating the candidates...
[12/19 12:23:28] Total Candidates: 1200
Now batch:  870
[12/19 12:25:49] Generating the candidates...
[12/19 12:25:49] Total Candidates: 1200
Now batch:  871
[12/19 12:28:11] Generating the candidates...
[12/19 12:28:11] Total Candidates: 1200
Now batch:  872
[12/19 12:30:32] Generating the candidates...
[12/19 12:30:32] Total Candidates: 1200
Now batch:  873
[12/19 12:32:54] Generating the candidates...
[12/19 12:32:54] Total Candidates: 1200
Now batch:  874
[12/19 12:35:16] Generating the candidates...
[12/19 12:35:16] Total Candidates: 1200
Now batch:  875
[12/19 12:37:36] Generating the candidates...
[12/19 12:37:36] Total Candidates: 1200
Now batch:  876
[12/19 12:39:58] Generating the candidates...
[12/19 12:39:58] Total Candidates: 1200
Now batch:  877
[12/19 12:42:13] Generating the candidates...
[12/19 12:42:13] Total Candidates: 1200
Now batch:  878
[12/19 12:44:25] Generating the candidates...
[12/19 12:44:25] Total Candidates: 1200
Now batch:  879
[12/19 12:46:45] Generating the candidates...
[12/19 12:46:45] Total Candidates: 1200
Now batch:  880
[12/19 12:49:05] Generating the candidates...
[12/19 12:49:05] Total Candidates: 1200
Now batch:  881
[12/19 12:51:18] Generating the candidates...
[12/19 12:51:18] Total Candidates: 1200
Now batch:  882
[12/19 12:53:30] Generating the candidates...
[12/19 12:53:30] Total Candidates: 1200
Now batch:  883
[12/19 12:55:48] Generating the candidates...
[12/19 12:55:48] Total Candidates: 1200
Now batch:  884
[12/19 12:58:00] Generating the candidates...
[12/19 12:58:00] Total Candidates: 1200
Now batch:  885
[12/19 01:00:17] Generating the candidates...
[12/19 01:00:17] Total Candidates: 1200
Now batch:  886
[12/19 01:02:39] Generating the candidates...
[12/19 01:02:39] Total Candidates: 1200
Now batch:  887
[12/19 01:04:59] Generating the candidates...
[12/19 01:04:59] Total Candidates: 1200
Now batch:  888
[12/19 01:07:20] Generating the candidates...
[12/19 01:07:21] Total Candidates: 1200
Now batch:  889
[12/19 01:09:42] Generating the candidates...
[12/19 01:09:42] Total Candidates: 1200
Now batch:  890
[12/19 01:12:03] Generating the candidates...
[12/19 01:12:03] Total Candidates: 1200
Now batch:  891
[12/19 01:14:25] Generating the candidates...
[12/19 01:14:25] Total Candidates: 1200
Now batch:  892
[12/19 01:16:47] Generating the candidates...
[12/19 01:16:47] Total Candidates: 1200
Now batch:  893
[12/19 01:19:07] Generating the candidates...
[12/19 01:19:07] Total Candidates: 1200
Now batch:  894
[12/19 01:21:27] Generating the candidates...
[12/19 01:21:27] Total Candidates: 1008
Generating model...
Generating features...

Building classifier...

Training...

Predicting...
accuracy  0.9435448724395722
              precision    recall  f1-score   support

           1       0.96      0.97      0.96     23830
           2       0.86      0.85      0.86      5999

    accuracy                           0.94     29829
   macro avg       0.91      0.91      0.91     29829
weighted avg       0.94      0.94      0.94     29829

cost  1.6706271171569824  second 

