parse arguments succeed !!!
89484 1 12
start new network training
train encoder
batch time:  0.2095923823537305
batch time:  0.3822372747119516
batch time:  0.3906976304327448
batch time:  0.3748154987813905
batch time:  0.4220147491898388
batch time:  0.35807738672010603
batch time:  0.38205028008669617
batch time:  0.35805405674812696
batch time:  0.34486368644672133
epoch 0 loss:  69155.80952790273
epoch 0 time:  3.2300694109173493
batch time:  0.3649468935172384
batch time:  0.3510933216505994
batch time:  0.3724006381506721
batch time:  0.36272681707826754
batch time:  0.387288077455014
batch time:  0.3912409071344882
batch time:  0.4349424278441196
batch time:  0.3498431175714359
batch time:  0.38587562408453474
epoch 1 loss:  10348.622713145196
epoch 1 time:  3.410474715785434
batch time:  0.3495560947805643
batch time:  0.35589679938275365
batch time:  0.3499504861033832
batch time:  0.21015438814647497
batch time:  0.3797330005637681
batch time:  0.3839056992049639
batch time:  0.3575026520450289
batch time:  0.37272481778636574
batch time:  0.36015109316601107
epoch 2 loss:  25303.597118490543
epoch 2 time:  3.1294385198503734
batch time:  0.35292666683283946
batch time:  0.3661108941383039
batch time:  0.3529242218006402
batch time:  0.34456113416235895
batch time:  0.39139496073282015
batch time:  0.39630173621699216
batch time:  0.36339790242103237
batch time:  0.38211558158509434
batch time:  0.3436898849128435
epoch 3 loss:  7354.4518363983625
epoch 3 time:  3.303456703495855
batch time:  0.3510586391358326
batch time:  0.2118826679342116
batch time:  0.3835294324128578
batch time:  0.3840156589634717
batch time:  0.3663403927348554
batch time:  0.38054771536650756
batch time:  0.35797174074687066
batch time:  0.35440583548042925
batch time:  0.361976356486169
epoch 4 loss:  7215.126187607148
epoch 4 time:  3.1616752210461225
batch time:  0.3775995671050623
batch time:  0.41736641293391585
batch time:  0.3582391897061219
batch time:  0.34652603569750984
batch time:  0.3691106434290608
batch time:  0.36846623258509986
batch time:  0.2108957818321263
batch time:  0.3618597967317328
batch time:  0.335628405562602
epoch 5 loss:  8012.502410732675
epoch 5 time:  3.1556079625695324
batch time:  0.4159715396196892
batch time:  0.35520937067922204
batch time:  0.35690011058468374
batch time:  0.3794747105954836
batch time:  0.31551809683442117
batch time:  0.35096149031693735
batch time:  0.35073921640093125
batch time:  0.3442297028222432
batch time:  0.38194559087666374
epoch 6 loss:  6681.00980476473
epoch 6 time:  3.260815655416809
batch time:  0.38428213382139803
batch time:  0.3777475260508557
batch time:  0.3865198284620419
batch time:  0.35639913581932586
batch time:  0.34864749944924067
batch time:  0.21223080129517863
batch time:  0.3948951566514249
batch time:  0.36091229030086347
batch time:  0.34427089646924286
epoch 7 loss:  12838.796448991714
epoch 7 time:  3.1758285197196527
batch time:  0.37495185488369315
batch time:  0.3525848572840914
batch time:  0.34781274208799007
batch time:  0.39553361988315977
batch time:  0.35877494225278495
batch time:  0.37857141393081595
batch time:  0.3968591079271088
batch time:  0.35934243726854526
batch time:  0.28553120681705574
epoch 8 loss:  11005.112751168635
epoch 8 time:  3.2599842977166795
batch time:  0.3622125195649763
batch time:  0.3513074774527922
batch time:  0.3821088331130644
batch time:  0.3496959837153554
batch time:  0.41530620884926367
batch time:  0.352735703648068
batch time:  0.39114042616759737
batch time:  0.3617760770022869
batch time:  0.3678583821359401
epoch 9 loss:  4013.0666595686516
epoch 9 time:  3.3441376784816383
batch time:  0.3951613719109446
batch time:  0.35133964286651465
batch time:  0.3673324020812288
batch time:  0.36764169253098467
batch time:  0.3507106882830461
batch time:  0.3899032667900125
batch time:  0.3943183784528325
batch time:  0.35411810951773076
batch time:  0.3571030144812539
epoch 10 loss:  5282.353382312548
epoch 10 time:  3.3377422944875432
batch time:  0.36084000108142694
batch time:  0.36890309245015185
batch time:  0.38210188997133326
batch time:  0.4112870321453859
batch time:  0.3490899725041042
batch time:  0.37703193557293463
batch time:  0.35100951746571807
batch time:  0.3770602917997167
batch time:  0.33807760079701743
epoch 11 loss:  4013.470000488709
epoch 11 time:  3.3255283274610217
batch time:  0.38494815928085396
batch time:  0.35601309260043007
batch time:  0.36405824108514934
batch time:  0.35269284814906615
batch time:  0.36789654348200806
batch time:  0.3899119609190772
batch time:  0.30580986748294287
batch time:  0.3455881822311009
batch time:  0.3656234357661257
epoch 12 loss:  5299.12768058415
epoch 12 time:  3.2418558152935777
batch time:  0.34989323393286514
batch time:  0.35917230145229645
batch time:  0.35704317515095074
batch time:  0.381264699716121
batch time:  0.35929547431878744
batch time:  0.35840488348621874
batch time:  0.3722511649985487
batch time:  0.42121292411660155
batch time:  0.3508253291482106
epoch 13 loss:  5430.619596128801
epoch 13 time:  3.319470163395939
batch time:  0.36620798709336666
batch time:  0.35181382138592504
batch time:  0.35250832467960813
batch time:  0.26604098818109684
batch time:  0.38528984639948854
batch time:  0.3601452771341428
batch time:  0.3606321782960246
batch time:  0.35965790452125174
batch time:  0.3863620001434659
epoch 14 loss:  629.4656561677355
epoch 14 time:  3.19846206215055
batch time:  0.3620428350288421
batch time:  0.36014197340700776
batch time:  0.3486334555161496
batch time:  0.3775521320834135
batch time:  0.34800747271316745
batch time:  0.35949034746736286
batch time:  0.385154269868508
batch time:  0.3519301972351968
batch time:  0.37428673496469855
epoch 15 loss:  2277.9979145178495
epoch 15 time:  3.277277457768408
batch time:  0.3535105780387918
batch time:  0.35762861341548463
batch time:  0.35644453270360826
batch time:  0.3659002034148822
batch time:  0.32686418294906616
batch time:  0.39401363503032677
batch time:  0.41782938269898295
batch time:  0.41678465803464254
batch time:  0.4624903476331383
epoch 16 loss:  1997.5296543777517
epoch 16 time:  3.461760007900496
batch time:  0.4327221916522831
batch time:  0.32361846023704854
batch time:  0.48325497429662695
batch time:  0.49635704193109026
batch time:  0.42903767874619614
batch time:  0.4398146340157837
batch time:  0.44850355023518207
batch time:  0.37915353927916534
batch time:  0.35754605881714574
epoch 17 loss:  1852.4458352733652
epoch 17 time:  3.800791753246449
batch time:  0.3997587605767573
batch time:  0.3853520239004865
batch time:  0.3516177876309181
batch time:  0.37419905612866083
batch time:  0.3589524158819889
batch time:  0.36542315275097886
batch time:  0.3489288897564014
batch time:  0.4060636237651731
batch time:  0.3511382247476528
epoch 18 loss:  4659.045941846794
epoch 18 time:  3.3519454000672946
batch time:  0.29139378340138744
batch time:  0.3917125143809244
batch time:  0.4274283055216074
batch time:  0.4137565038632601
batch time:  0.34198807303328066
batch time:  0.4076543594710529
batch time:  0.3902097066010659
batch time:  0.3875454924302176
batch time:  0.39673340861530354
epoch 19 loss:  1326.8518187079417
epoch 19 time:  3.458956536417827
batch time:  0.3996850581218799
batch time:  0.3821759342138345
batch time:  0.3961077395516137
batch time:  0.4189695340348408
batch time:  0.23944457078663012
batch time:  0.2509981747639055
batch time:  0.3890537945165609
batch time:  0.4732711008206631
batch time:  0.40284250223388274
epoch 20 loss:  1282.6968029170362
epoch 20 time:  3.3629288447322323
batch time:  0.2760549149941653
batch time:  0.39638111273137233
batch time:  0.42505376746412366
batch time:  0.40963627949822695
batch time:  0.34452612259580445
batch time:  0.40859966203570364
batch time:  0.3874440469002972
batch time:  0.38899413966573776
batch time:  0.3763234249005715
epoch 21 loss:  796.9162079594789
epoch 21 time:  3.4235317325762784
batch time:  0.4431295444800829
batch time:  0.34254804577988884
batch time:  0.4282659995292003
batch time:  0.37959241268690674
batch time:  0.4004767533702155
batch time:  0.41671488753830394
batch time:  0.4214867102370287
batch time:  0.391817141797704
batch time:  0.38006867888228346
epoch 22 loss:  3040.434719034911
epoch 22 time:  3.6152426002779974
batch time:  0.4385685463901609
batch time:  0.40288176368145895
batch time:  0.436908230635648
batch time:  0.38300114328352114
batch time:  0.401246721833013
batch time:  0.39296209362025064
batch time:  0.44040806093253193
batch time:  0.4238929267817487
batch time:  0.37943256040258955
epoch 23 loss:  3674.040461906701
epoch 23 time:  3.7102055381362637
batch time:  0.44489808931636315
batch time:  0.38857533333357425
batch time:  0.42707696618357055
batch time:  0.40426984584579867
batch time:  0.29031951498861114
batch time:  0.3866515270667151
batch time:  0.4277390529556821
batch time:  0.4187576664146036
batch time:  0.37800641142142316
epoch 24 loss:  1542.4444589088002
epoch 24 time:  3.57716256424319
batch time:  0.45703151912117995
batch time:  0.39201420231256634
batch time:  0.2762587239888186
batch time:  0.4161340778848777
batch time:  0.39223753618231666
batch time:  0.413986732182093
batch time:  0.4272155765521651
batch time:  0.42232348122633995
batch time:  0.38639609356566024
epoch 25 loss:  2855.3646727828514
epoch 25 time:  3.594378627052841
batch time:  0.4462767387662704
batch time:  0.393770575368156
batch time:  0.2880615383153781
batch time:  0.39260517390600097
batch time:  0.4226266702869907
batch time:  0.3901352842338383
batch time:  0.44898682079898816
batch time:  0.4195004246663302
batch time:  0.37693095691502093
epoch 26 loss:  3609.897119626482
epoch 26 time:  3.5896912950867166
batch time:  0.38642170736566184
batch time:  0.392900614750882
batch time:  0.43099421930188936
batch time:  0.4102152145002037
batch time:  0.40699925874359905
batch time:  0.39257223008510966
batch time:  0.38090259335003795
batch time:  0.3904370875718693
batch time:  0.4054718443037321
epoch 27 loss:  896.6426169740878
epoch 27 time:  3.607619813270867
batch time:  0.4013909659658869
batch time:  0.3970881172145406
batch time:  0.3999122514699896
batch time:  0.387691330187954
batch time:  0.391598430966648
batch time:  0.39402806788372496
batch time:  0.43329593874514105
batch time:  0.4263742013989637
batch time:  0.42274994174949826
epoch 28 loss:  517.9775226906894
epoch 28 time:  3.6650138389319182
batch time:  0.4432836274150759
batch time:  0.39615844953029106
batch time:  0.38509478603179254
batch time:  0.3258467725866164
batch time:  0.38970423385035247
batch time:  0.42271646636072546
batch time:  0.3796208232951661
batch time:  0.45427551655254017
batch time:  0.3809086070318396
epoch 29 loss:  919.0931045980236
epoch 29 time:  3.5881033312529325
batch time:  0.3978301570905993
batch time:  0.38149135971131426
batch time:  0.39773264816806964
batch time:  0.39684023439573746
batch time:  0.4649612187795962
batch time:  0.4317202366190031
batch time:  0.47112305698295437
batch time:  0.43145569783324994
batch time:  0.383077437360771
epoch 30 loss:  4776.699728145228
epoch 30 time:  3.767149756406434
batch time:  0.39463851136776307
batch time:  0.43460399298152574
batch time:  0.39547796521801504
batch time:  0.4309694981202483
batch time:  0.45537992726701
batch time:  0.37319380432212107
batch time:  0.38541681778151543
batch time:  0.3879002692177892
batch time:  0.3992932619682203
epoch 31 loss:  2404.2565127619564
epoch 31 time:  3.6678405871149153
batch time:  0.3892148543614894
batch time:  0.385417332019036
batch time:  0.44782579903646064
batch time:  0.39394726634491234
batch time:  0.3862138762682055
batch time:  0.402147400402464
batch time:  0.4432965972538417
batch time:  0.40565395610562216
batch time:  0.39752796141741176
epoch 32 loss:  2803.513155054257
epoch 32 time:  3.662058551198182
batch time:  0.4288772177339221
batch time:  0.43240099140287686
batch time:  0.2849877993731449
batch time:  0.3912037448491901
batch time:  0.414168549166061
batch time:  0.3824538817318777
batch time:  0.4300103806347276
batch time:  0.39584850900185603
batch time:  0.3829460515640676
epoch 33 loss:  3846.3059415856287
epoch 33 time:  3.5536422576134403
batch time:  0.40658128428428125
batch time:  0.42863710577754927
batch time:  0.46497944348181286
batch time:  0.3985158249658222
batch time:  0.3972763456326599
batch time:  0.3884236445960899
batch time:  0.4195216225149731
batch time:  0.29438578377788266
batch time:  0.2315674371862163
epoch 34 loss:  206.33230320636548
epoch 34 time:  3.4410404154642795
batch time:  0.39801776030411323
batch time:  0.43003891058421384
batch time:  0.39165023596336446
batch time:  0.4120095113214726
batch time:  0.38842055964438865
batch time:  0.43334528133273126
batch time:  0.3895334769661228
batch time:  0.4119985825382173
batch time:  0.4186260266462341
epoch 35 loss:  673.1911733501315
epoch 35 time:  3.6841897572157905
batch time:  0.29296871994932494
batch time:  0.42228478807179876
batch time:  0.40766818218398837
batch time:  0.3261446268220122
batch time:  0.3960500457479308
batch time:  0.39090156263361375
batch time:  0.3846801619899149
batch time:  0.4243704491372531
batch time:  0.4456192596505086
epoch 36 loss:  1126.006077772847
epoch 36 time:  3.5011251046787946
batch time:  0.3865852396857614
batch time:  0.4526765166160961
batch time:  0.4097853548980008
batch time:  0.23605171773427477
batch time:  0.4082060541336735
batch time:  0.4375735496326039
batch time:  0.3963713820790872
batch time:  0.39542219260086614
batch time:  0.4314067540690303
epoch 37 loss:  1052.8295962897587
epoch 37 time:  3.5649258331007636
batch time:  0.449858410229596
batch time:  0.3953978475028028
batch time:  0.3997685267512376
batch time:  0.4195237798150629
batch time:  0.38410154421969006
batch time:  0.38394128790435694
batch time:  0.417522636645784
batch time:  0.43270040428421147
batch time:  0.3933702086486543
epoch 38 loss:  1085.3713993955378
epoch 38 time:  3.687148792382019
batch time:  0.38322613831454266
batch time:  0.45512698819705594
batch time:  0.392674819395567
batch time:  0.39339243757228054
batch time:  0.42468146917720634
batch time:  0.3968577589839697
batch time:  0.43241053187909223
batch time:  0.3929629623501872
batch time:  0.40569197030272336
epoch 39 loss:  1074.8244367090256
epoch 39 time:  3.68784429973457
batch time:  0.39052502816387763
batch time:  0.42899679629287374
batch time:  0.3893472736546149
batch time:  0.4347110567459216
batch time:  0.3831888229974235
batch time:  0.40728004386958977
batch time:  0.3884039071854204
batch time:  0.38542797256571554
batch time:  0.3908318778888012
epoch 40 loss:  1115.983676427088
epoch 40 time:  3.609800296998583
batch time:  0.3941717524159079
batch time:  0.3945267519836004
batch time:  0.4246032387328645
batch time:  0.4473535794143875
batch time:  0.39501523072831335
batch time:  0.3436856468518575
batch time:  0.41963494233010956
batch time:  0.4509811067720875
batch time:  0.37795700437854973
epoch 41 loss:  996.1329708840117
epoch 41 time:  3.658808852204432
batch time:  0.31477443236702435
batch time:  0.3950000034334759
batch time:  0.41851193429902195
batch time:  0.4202611571488281
batch time:  0.45261515707243233
batch time:  0.4285431497963145
batch time:  0.38361013676815975
batch time:  0.38546766929018
batch time:  0.4273852647126963
epoch 42 loss:  641.2969812319798
epoch 42 time:  3.6367470186514157
batch time:  0.39394642735520996
batch time:  0.39777076346799733
batch time:  0.3725442904280499
batch time:  0.3994874438814198
batch time:  0.42627779408358035
batch time:  0.402318343698668
batch time:  0.4386372766379888
batch time:  0.39418101284342505
batch time:  0.4288204623774315
epoch 43 loss:  191.36745691794613
epoch 43 time:  3.6647418988480545
batch time:  0.2366142430342734
batch time:  0.34493140413736306
batch time:  0.4065029076533392
batch time:  0.3862898956673841
batch time:  0.4550002318806946
batch time:  0.3916315704816952
batch time:  0.38315434091879674
batch time:  0.3978542167848597
batch time:  0.43084233507203556
epoch 44 loss:  287.11515873699454
epoch 44 time:  3.442428093450144
batch time:  0.45274588440079244
batch time:  0.42596419986026984
batch time:  0.3769605353397007
batch time:  0.46128350698078674
batch time:  0.39090877342969177
batch time:  0.4080882560151319
batch time:  0.39340306783560663
batch time:  0.3947434983526667
batch time:  0.23083144763174157
epoch 45 loss:  16.37968635408908
epoch 45 time:  3.545722297229804
batch time:  0.4516414829529822
batch time:  0.40965527781130123
batch time:  0.3544024957343936
batch time:  0.4360329603388285
batch time:  0.4505664164122815
batch time:  0.39576243531579774
batch time:  0.3859868410974741
batch time:  0.48545791568079344
batch time:  0.37575654233805833
epoch 46 loss:  2090.3904271884016
epoch 46 time:  3.756075842267213
batch time:  0.38702161438607924
batch time:  0.45035577047771463
batch time:  0.38829724906633295
batch time:  0.23545973068879297
batch time:  0.40427183399442584
batch time:  0.4343558561677734
batch time:  0.40519448738389957
batch time:  0.4116398875989641
batch time:  0.40711619552069656
epoch 47 loss:  639.2947435742219
epoch 47 time:  3.534309648233466
batch time:  0.3933913610953217
batch time:  0.4488186045239369
batch time:  0.4078284894504274
batch time:  0.42844177802714206
batch time:  0.41808282205990205
batch time:  0.43438607540447266
batch time:  0.3676312611826385
batch time:  0.357742976071313
batch time:  0.38189297141507267
epoch 48 loss:  336.9615371317616
epoch 48 time:  3.648960324151752
batch time:  0.3877868278728177
batch time:  0.3648051327948148
batch time:  0.35327180565024413
batch time:  0.3549750171679383
batch time:  0.35332766503561286
batch time:  0.3864213914144784
batch time:  0.38865174488164483
batch time:  0.36263271189915636
batch time:  0.35937174911766
epoch 49 loss:  1428.9114278910388
epoch 49 time:  3.321261170351257
batch time:  0.3769197570160031
batch time:  0.35430139453771214
batch time:  0.38437672616758695
batch time:  0.3826075587654486
batch time:  0.3553159866016358
batch time:  0.211922263703309
batch time:  0.36520723966726415
batch time:  0.3526932006313776
batch time:  0.33766817570043106
epoch 50 loss:  552.1978826002623
epoch 50 time:  3.1307445185802254
batch time:  0.34928370038202655
batch time:  0.358373477581578
batch time:  0.39821401360289505
batch time:  0.40642445840251945
batch time:  0.407084845402278
batch time:  0.35056914126034827
batch time:  0.37873914123823244
batch time:  0.3576367271831259
batch time:  0.35332953349376717
epoch 51 loss:  652.5028592235177
epoch 51 time:  3.36954073003338
batch time:  0.35924979783594607
batch time:  0.40365492689888927
batch time:  0.2658245437623312
batch time:  0.3532216293659682
batch time:  0.39157719948949915
batch time:  0.38234555083326993
batch time:  0.3539601214695722
batch time:  0.35059924631689987
batch time:  0.3749715346998225
epoch 52 loss:  210.48335380289794
epoch 52 time:  3.2451299949161085
batch time:  0.3985182144368688
batch time:  0.3948676237060378
batch time:  0.3683364912169054
batch time:  0.359233431564644
batch time:  0.3471930204347397
batch time:  0.38108164397223543
batch time:  0.361736977348725
batch time:  0.34678807283441226
batch time:  0.33367520509442933
epoch 53 loss:  118.62212448782235
epoch 53 time:  3.301464573899284
batch time:  0.3991993876794974
batch time:  0.2160396090708673
batch time:  0.40261823538069924
batch time:  0.3951738904152686
batch time:  0.35963954754794636
batch time:  0.2552482365164906
batch time:  0.35286340698755037
batch time:  0.35751916173224646
batch time:  0.34808787306925904
epoch 54 loss:  718.7915927693414
epoch 54 time:  3.095934147713706
batch time:  0.40240083684523903
batch time:  0.3539803679023559
batch time:  0.39816643854913614
batch time:  0.3525646362996971
batch time:  0.35568923834556093
batch time:  0.3782179314487924
batch time:  0.38058515212809046
batch time:  0.3816361049345384
batch time:  0.34486116335416833
epoch 55 loss:  1043.0660516343523
epoch 55 time:  3.3582039061312874
batch time:  0.3495416387139509
batch time:  0.3806047857661421
batch time:  0.2111082100154211
batch time:  0.37172146728262306
batch time:  0.39043073445403326
batch time:  0.36156915985047816
batch time:  0.35229663586554427
batch time:  0.32497371771217637
batch time:  0.39334294256599
epoch 56 loss:  361.5093498097472
epoch 56 time:  3.145301055838354
batch time:  0.3531980937657257
batch time:  0.21131244574983915
batch time:  0.35950503709415593
batch time:  0.3671251941161851
batch time:  0.2995958780714621
batch time:  0.3593985042767599
batch time:  0.3564017057341213
batch time:  0.39501138067959496
batch time:  0.3379518420668319
epoch 57 loss:  563.1632703554968
epoch 57 time:  3.049034549466645
batch time:  0.4168443881984179
batch time:  0.36331739292945714
batch time:  0.38039995011252664
batch time:  0.3528024938811238
batch time:  0.3567792750351752
batch time:  0.35870084549921255
batch time:  0.3725980495645975
batch time:  0.37502005901187657
batch time:  0.29907955712794015
epoch 58 loss:  366.10808945399833
epoch 58 time:  3.285592140482428
batch time:  0.37186398351720223
batch time:  0.3523539630540957
batch time:  0.3965371198331316
batch time:  0.35886314858216795
batch time:  0.36409648552847407
batch time:  0.35337955206632615
batch time:  0.4015321241536488
batch time:  0.36279910790423553
batch time:  0.36509183583160243
epoch 59 loss:  546.1683512577638
epoch 59 time:  3.3364308026464036
batch time:  0.39870008300058546
batch time:  0.3915274519628535
batch time:  0.35192548188691336
batch time:  0.4077849096308152
batch time:  0.34630041633111736
batch time:  0.3573371277190745
batch time:  0.36236002823182695
batch time:  0.35222324371958774
batch time:  0.3429417982697487
epoch 60 loss:  1874.498913326733
epoch 60 time:  3.3212137549649925
batch time:  0.29038590853257723
batch time:  0.3664216194534674
batch time:  0.36034937064784267
batch time:  0.35930678294971585
batch time:  0.36287149786173056
batch time:  0.3486790863564238
batch time:  0.3687958339151616
batch time:  0.4019750945037231
batch time:  0.3999431770372515
epoch 61 loss:  73.55882736294106
epoch 61 time:  3.267874635080807
batch time:  0.36049193421689174
batch time:  0.35269366591237483
batch time:  0.441346496817035
batch time:  0.3487500328492994
batch time:  0.4255025415681303
batch time:  0.39142897703374424
batch time:  0.3829707454191521
batch time:  0.3441938085714355
batch time:  0.3586608384813493
epoch 62 loss:  936.9181475204863
epoch 62 time:  3.41605672321748
batch time:  0.3902893918566406
batch time:  0.3667728450149298
batch time:  0.35406500074702
batch time:  0.4285612984327599
batch time:  0.3771367094324281
batch time:  0.3410828321706504
batch time:  0.3605431420340513
batch time:  0.37640736588121704
batch time:  0.2575631442014128
epoch 63 loss:  23.387411803957672
epoch 63 time:  3.2624409184170267
batch time:  0.351910354096132
batch time:  0.3813416025834158
batch time:  0.3629926275384302
batch time:  0.3827614954672754
batch time:  0.3569979173596948
batch time:  0.38925282426644114
batch time:  0.3814325419332211
batch time:  0.3707747405006861
batch time:  0.35331999393335234
epoch 64 loss:  1700.9759695763973
epoch 64 time:  3.3407093167693045
batch time:  0.37232317744443816
batch time:  0.352423600681747
batch time:  0.4010237201815471
batch time:  0.36891137645579875
batch time:  0.3545617424727728
batch time:  0.3561697430210188
batch time:  0.35722212309483437
batch time:  0.3831215769285336
batch time:  0.3788023467718934
epoch 65 loss:  145.2331293861752
epoch 65 time:  3.33460313216007
batch time:  0.3556308343618487
batch time:  0.3516288184793666
batch time:  0.38230828806602707
batch time:  0.3584511886506031
batch time:  0.3856129509396851
batch time:  0.3530334542195002
batch time:  0.404632244965372
batch time:  0.29187607153629264
batch time:  0.3663871480540062
epoch 66 loss:  147.43689809162004
epoch 66 time:  3.2595101362715164
batch time:  0.2606632253698384
batch time:  0.3728496087171758
batch time:  0.3719713065152367
batch time:  0.4455915605726962
batch time:  0.3721761651181926
batch time:  0.40238509895280006
batch time:  0.35575424536752204
batch time:  0.3646279190356533
batch time:  0.2928693725882719
epoch 67 loss:  12.135567261556924
epoch 67 time:  3.2488493283977733
batch time:  0.2088857607683167
batch time:  0.3685326515696943
batch time:  0.3752765996459251
batch time:  0.4054631498719876
batch time:  0.3525392354698852
batch time:  0.33780933063632496
batch time:  0.3543470812262967
batch time:  0.3510127873004725
batch time:  0.37372258958251525
epoch 68 loss:  194.39673109046333
epoch 68 time:  3.1372678295165923
batch time:  0.34665371261071415
batch time:  0.3526496836449951
batch time:  0.2641000176159044
batch time:  0.34862631338182837
batch time:  0.4043836851681893
batch time:  0.3551185144033904
batch time:  0.35011703288182616
batch time:  0.38517571441673987
batch time:  0.34002817765188714
epoch 69 loss:  909.6162600839456
epoch 69 time:  3.156604479532689
batch time:  0.3592805459164083
batch time:  0.3800941840978339
batch time:  0.39375418801791967
batch time:  0.42216067753421765
batch time:  0.35655915998698523
batch time:  0.35381046966649593
batch time:  0.39168931005212165
batch time:  0.36367596201598645
batch time:  0.3437734322311978
epoch 70 loss:  813.8213592749474
epoch 70 time:  3.374864712334238
batch time:  0.3667798649674902
batch time:  0.35344029413536193
batch time:  0.3937695092987269
batch time:  0.3082230943643178
batch time:  0.34820517648477106
batch time:  0.36823751352882633
batch time:  0.37729330235160885
batch time:  0.35967730448270835
batch time:  0.3690030323496709
epoch 71 loss:  210.202782218459
epoch 71 time:  3.254619030964871
batch time:  0.3701691104642426
batch time:  0.3804819785291329
batch time:  0.38233864049737654
batch time:  0.40986735133143765
batch time:  0.36098485804783803
batch time:  0.3469022803707048
batch time:  0.3626628152017171
batch time:  0.3509665872513627
batch time:  0.3452721785986796
epoch 72 loss:  417.43569120747964
epoch 72 time:  3.3199525476510945
batch time:  0.3465116841951385
batch time:  0.3573423647554591
batch time:  0.38762354376570635
batch time:  0.45113574164764336
batch time:  0.3716460070805624
batch time:  0.35048150750032314
batch time:  0.35555163198150697
batch time:  0.3568637123020987
batch time:  0.3480272819210465
epoch 73 loss:  218.48518923303442
epoch 73 time:  3.3351308604857572
batch time:  0.3764301766486218
batch time:  0.3558837540835763
batch time:  0.30307285443414
batch time:  0.35801962739787996
batch time:  0.37317218830188115
batch time:  0.3557609076689308
batch time:  0.3515153289462129
batch time:  0.3821622918204715
batch time:  0.34975632284767927
epoch 74 loss:  752.786631799888
epoch 74 time:  3.215646794034789
batch time:  0.3658334520490219
batch time:  0.39242006415346015
batch time:  0.2641465667557592
batch time:  0.4082761549856514
batch time:  0.3938749488365526
batch time:  0.3528700953892743
batch time:  0.36075483774766326
batch time:  0.34484540252014995
batch time:  0.38329388334726294
epoch 75 loss:  129.066179735169
epoch 75 time:  3.2762287782349935
batch time:  0.36430622898818305
batch time:  0.3493130369189506
batch time:  0.35488550228377186
batch time:  0.39644669213642675
batch time:  0.38216255120156956
batch time:  0.3498517760851731
batch time:  0.37091377199782677
batch time:  0.3953497032557304
batch time:  0.38030819738438976
epoch 76 loss:  35.82985310517031
epoch 76 time:  3.3536404172036174
batch time:  0.37385365008376537
batch time:  0.34534629978394754
batch time:  0.45025777836951114
batch time:  0.38375908629968764
batch time:  0.43127923919819294
batch time:  0.34913542463133734
batch time:  0.3882763550151139
batch time:  0.36195177216238034
batch time:  0.35131286531686784
epoch 77 loss:  89.36810714995747
epoch 77 time:  3.4449873165693132
batch time:  0.3592879189333568
batch time:  0.36119024054302523
batch time:  0.3697636350989342
batch time:  0.3482956763667365
batch time:  0.3578190276166424
batch time:  0.3492365702598666
batch time:  0.37655085887915146
batch time:  0.3980160494878267
batch time:  0.3501336091818909
epoch 78 loss:  334.7967768208471
epoch 78 time:  3.280250521089571
batch time:  0.36213643811643126
batch time:  0.3537936366784076
batch time:  0.38505327742702017
batch time:  0.395932906648765
batch time:  0.382664833116966
batch time:  0.36791625045395143
batch time:  0.37190050646507494
batch time:  0.34971916129967817
batch time:  0.34838012781304617
epoch 79 loss:  783.4002253360429
epoch 79 time:  3.3275445909782624
batch time:  0.3917102459119633
batch time:  0.37438754986505957
batch time:  0.3841023015944908
batch time:  0.39027727097272874
batch time:  0.357032569233949
batch time:  0.35254683600117764
batch time:  0.3537948115884016
batch time:  0.37478258651681245
batch time:  0.3404882687687253
epoch 80 loss:  640.1446719499877
epoch 80 time:  3.329211125235694
batch time:  0.3554717222306257
batch time:  0.35001008476441103
batch time:  0.40463526859724275
batch time:  0.3942533315702652
batch time:  0.36149161998182533
batch time:  0.3751349290056775
batch time:  0.34949127986716727
batch time:  0.35590268096420913
batch time:  0.3349804767174646
epoch 81 loss:  -9.451271129537158
epoch 81 time:  3.291291872683602
batch time:  0.35055231176471957
batch time:  0.26157858977094295
batch time:  0.38323398198311526
batch time:  0.3684652299853042
batch time:  0.4055840162017072
batch time:  0.2651212475340193
batch time:  0.3558841718438392
batch time:  0.365137464630728
batch time:  0.35086121996088576
epoch 82 loss:  169.57949393065002
epoch 82 time:  3.11617310786775
batch time:  0.374005235118481
batch time:  0.34999446872000894
batch time:  0.3729917448712513
batch time:  0.377519025413009
batch time:  0.362212169667085
batch time:  0.3558118410718938
batch time:  0.3509875913305829
batch time:  0.36473268816868465
batch time:  0.3560537861660123
epoch 83 loss:  187.62808676476192
epoch 83 time:  3.2741193499726555
batch time:  0.34981827828257034
batch time:  0.38455489759799094
batch time:  0.3943071056234961
batch time:  0.35512770028629653
batch time:  0.2455901252804324
batch time:  0.35158989805107316
batch time:  0.35207969991800686
batch time:  0.358683612709865
batch time:  0.34645577578339726
epoch 84 loss:  100.56491860125477
epoch 84 time:  3.147891802301941
batch time:  0.353249647654593
batch time:  0.36064583077095447
batch time:  0.38975274813516686
batch time:  0.35058807086509963
batch time:  0.36111348792134473
batch time:  0.2949798984685913
batch time:  0.36413913518966484
batch time:  0.3701545292356362
batch time:  0.34195019396332405
epoch 85 loss:  234.96544024904986
epoch 85 time:  3.1962396084641416
batch time:  0.35614850618100413
batch time:  0.3771741275986036
batch time:  0.41502654830304286
batch time:  0.3522986577125266
batch time:  0.3546473214558015
batch time:  0.39853962197278936
batch time:  0.3542741773029168
batch time:  0.21111246324920405
batch time:  0.33755091768689455
epoch 86 loss:  174.07384944203943
epoch 86 time:  3.1664844907665004
batch time:  0.34781450893885146
batch time:  0.37835184671760846
batch time:  0.3563140721525997
batch time:  0.35331550211800883
batch time:  0.38539917011900493
batch time:  0.38470859549318753
batch time:  0.3843182272665823
batch time:  0.3545344434135283
batch time:  0.3449443630175665
epoch 87 loss:  89.18060203050364
epoch 87 time:  3.2994385508820416
batch time:  0.37029442357209824
batch time:  0.3871942506482204
batch time:  0.34948999334592373
batch time:  0.36331416317261755
batch time:  0.4409298162519311
batch time:  0.3646937594981864
batch time:  0.38039518136841555
batch time:  0.34933952149779846
batch time:  0.34032524772919714
epoch 88 loss:  688.3043714484054
epoch 88 time:  3.3560454417020082
batch time:  0.3541765595010171
batch time:  0.21020715138098847
batch time:  0.35985678259748966
batch time:  0.34146855745930227
batch time:  0.3595401286380365
batch time:  0.37361116576939823
batch time:  0.39018185931878785
batch time:  0.3848183728832131
batch time:  0.34573838124827794
epoch 89 loss:  296.32153344658656
epoch 89 time:  3.129232171201147
batch time:  0.38672015665409465
batch time:  0.3556864383863285
batch time:  0.3950508768670261
batch time:  0.3530984600695471
batch time:  0.359245500418668
batch time:  0.3478162275006374
batch time:  0.3851898368370409
batch time:  0.356874811455297
batch time:  0.34695740579627454
epoch 90 loss:  240.5512571940645
epoch 90 time:  3.2965611799697703
batch time:  0.34967214208251485
batch time:  0.39418015383028737
batch time:  0.3740369439513112
batch time:  0.3854498358986651
batch time:  0.36489038155414166
batch time:  0.29190813400006543
batch time:  0.3401983740972355
batch time:  0.36209644318247836
batch time:  0.3382603058669095
epoch 91 loss:  53.801722418697636
epoch 91 time:  3.2105914103177686
batch time:  0.35069159814932693
batch time:  0.35265066066446404
batch time:  0.3611294877172137
batch time:  0.37548733548416446
batch time:  0.3654949359983827
batch time:  0.3133226197678596
batch time:  0.40251462277956307
batch time:  0.3543385019991547
batch time:  0.2431564582977444
epoch 92 loss:  1.6199083381236203
epoch 92 time:  3.128418095417631
batch time:  0.38288858568606277
batch time:  0.35396812091736746
batch time:  0.3644618874803806
batch time:  0.3877444190671667
batch time:  0.35285543870025626
batch time:  0.20977758675968897
batch time:  0.37745705609365054
batch time:  0.3508023929471771
batch time:  0.3436424559215084
epoch 93 loss:  545.0677785851001
epoch 93 time:  3.1329898515483365
batch time:  0.3846909908189749
batch time:  0.357030004930372
batch time:  0.35086129253419734
batch time:  0.35562401936234284
batch time:  0.3902994641801342
batch time:  0.35231572355454166
batch time:  0.37835335317067803
batch time:  0.28824015262847147
batch time:  0.37531390523848435
epoch 94 loss:  80.66333739321199
epoch 94 time:  3.241769796128695
batch time:  0.3428291272604838
batch time:  0.3537445936817676
batch time:  0.35834819624821346
batch time:  0.37782514915646365
batch time:  0.35849961211594444
batch time:  0.39964460136834534
batch time:  0.26462327608217795
batch time:  0.39987437466625125
batch time:  0.34647713097122806
epoch 95 loss:  1794.178048022471
epoch 95 time:  3.21149651085337
batch time:  0.3529019699820007
batch time:  0.39489992200396956
batch time:  0.3383170401599879
batch time:  0.37394621594964217
batch time:  0.35033647212355085
batch time:  0.38361667198284216
batch time:  0.3822284174384549
batch time:  0.35658151157355555
batch time:  0.35780935011183224
epoch 96 loss:  228.11480909715323
epoch 96 time:  3.300382182428924
batch time:  0.3503301996815329
batch time:  0.3144773648818955
batch time:  0.37023023891573154
batch time:  0.3604136026542013
batch time:  0.3514336189487949
batch time:  0.3878884346690029
batch time:  0.4159854376145328
batch time:  0.35150477294034016
batch time:  0.3497470882488415
epoch 97 loss:  234.9032250640711
epoch 97 time:  3.2618028750875965
batch time:  0.3624229247992237
batch time:  0.34605840749572964
batch time:  0.36173821738145
batch time:  0.38346847613962987
batch time:  0.36868975666196396
batch time:  0.3576439870521426
batch time:  0.21180514867883177
batch time:  0.3766735081172859
batch time:  0.3366544084157795
epoch 98 loss:  443.7978888938111
epoch 98 time:  3.114881260452482
batch time:  0.21041568784664075
batch time:  0.3541256479298075
batch time:  0.242124942317605
batch time:  0.3504808421712369
batch time:  0.3610062825959176
batch time:  0.3721490337823828
batch time:  0.3869964723785718
batch time:  0.36661987237942717
batch time:  0.3341687766291822
epoch 99 loss:  0.853621468990871
epoch 99 time:  2.987544282347274
encode time:  336.42876511623615

Start sliding the raw time series and the corresponding class and variate label
0
X_slide shape: (536904, 7)
candidates_dim: (536904, 7)
candidates_class_label: (536904, 7)
batch number:  10739
count:  0
count:  100
count:  200
count:  300
count:  400
count:  500
count:  600
count:  700
count:  800
count:  900
count:  1000
count:  1100
count:  1200
count:  1300
count:  1400
count:  1500
count:  1600
count:  1700
count:  1800
count:  1900
count:  2000
count:  2100
count:  2200
count:  2300
count:  2400
count:  2500
count:  2600
count:  2700
count:  2800
count:  2900
count:  3000
count:  3100
count:  3200
count:  3300
count:  3400
count:  3500
count:  3600
count:  3700
count:  3800
count:  3900
count:  4000
count:  4100
count:  4200
count:  4300
count:  4400
count:  4500
count:  4600
count:  4700
count:  4800
count:  4900
count:  5000
count:  5100
count:  5200
count:  5300
count:  5400
count:  5500
count:  5600
count:  5700
count:  5800
count:  5900
count:  6000
count:  6100
count:  6200
count:  6300
count:  6400
count:  6500
count:  6600
count:  6700
count:  6800
count:  6900
count:  7000
count:  7100
count:  7200
count:  7300
count:  7400
count:  7500
count:  7600
count:  7700
count:  7800
count:  7900
count:  8000
count:  8100
count:  8200
count:  8300
count:  8400
count:  8500
count:  8600
count:  8700
count:  8800
count:  8900
count:  9000
count:  9100
count:  9200
count:  9300
count:  9400
count:  9500
count:  9600
count:  9700
count:  9800
count:  9900
count:  10000
count:  10100
count:  10200
count:  10300
count:  10400
count:  10500
count:  10600
count:  10700
representation_all shape: (536904, 320)
1
X_slide shape: (805356, 4)
candidates_dim: (805356, 4)
candidates_class_label: (805356, 4)
batch number:  16108
count:  0
count:  100
count:  200
count:  300
count:  400
count:  500
count:  600
count:  700
count:  800
count:  900
count:  1000
count:  1100
count:  1200
count:  1300
count:  1400
count:  1500
count:  1600
count:  1700
count:  1800
count:  1900
count:  2000
count:  2100
count:  2200
count:  2300
count:  2400
count:  2500
count:  2600
count:  2700
count:  2800
count:  2900
count:  3000
count:  3100
count:  3200
count:  3300
count:  3400
count:  3500
count:  3600
count:  3700
count:  3800
count:  3900
count:  4000
count:  4100
count:  4200
count:  4300
count:  4400
count:  4500
count:  4600
count:  4700
count:  4800
count:  4900
count:  5000
count:  5100
count:  5200
count:  5300
count:  5400
count:  5500
count:  5600
count:  5700
count:  5800
count:  5900
count:  6000
count:  6100
count:  6200
count:  6300
count:  6400
count:  6500
count:  6600
count:  6700
count:  6800
count:  6900
count:  7000
count:  7100
count:  7200
count:  7300
count:  7400
count:  7500
count:  7600
count:  7700
count:  7800
count:  7900
count:  8000
count:  8100
count:  8200
count:  8300
count:  8400
count:  8500
count:  8600
count:  8700
count:  8800
count:  8900
count:  9000
count:  9100
count:  9200
count:  9300
count:  9400
count:  9500
count:  9600
count:  9700
count:  9800
count:  9900
count:  10000
count:  10100
count:  10200
count:  10300
count:  10400
count:  10500
count:  10600
count:  10700
count:  10800
count:  10900
count:  11000
count:  11100
count:  11200
count:  11300
count:  11400
count:  11500
count:  11600
count:  11700
count:  11800
count:  11900
count:  12000
count:  12100
count:  12200
count:  12300
count:  12400
count:  12500
count:  12600
count:  12700
count:  12800
count:  12900
count:  13000
count:  13100
count:  13200
count:  13300
count:  13400
count:  13500
count:  13600
count:  13700
count:  13800
count:  13900
count:  14000
count:  14100
count:  14200
count:  14300
count:  14400
count:  14500
count:  14600
count:  14700
count:  14800
count:  14900
count:  15000
count:  15100
count:  15200
count:  15300
count:  15400
count:  15500
count:  15600
count:  15700
count:  15800
count:  15900
count:  16000
count:  16100
representation_all shape: (1342260, 320)
2
X_slide shape: (984324, 2)
candidates_dim: (984324, 2)
candidates_class_label: (984324, 2)
batch number:  19687
count:  0
count:  100
count:  200
count:  300
count:  400
count:  500
count:  600
count:  700
count:  800
count:  900
count:  1000
count:  1100
count:  1200
count:  1300
count:  1400
count:  1500
count:  1600
count:  1700
count:  1800
count:  1900
count:  2000
count:  2100
count:  2200
count:  2300
count:  2400
count:  2500
count:  2600
count:  2700
count:  2800
count:  2900
count:  3000
count:  3100
count:  3200
count:  3300
count:  3400
count:  3500
count:  3600
count:  3700
count:  3800
count:  3900
count:  4000
count:  4100
count:  4200
count:  4300
count:  4400
count:  4500
count:  4600
count:  4700
count:  4800
count:  4900
count:  5000
count:  5100
count:  5200
count:  5300
count:  5400
count:  5500
count:  5600
count:  5700
count:  5800
count:  5900
count:  6000
count:  6100
count:  6200
count:  6300
count:  6400
count:  6500
count:  6600
count:  6700
count:  6800
count:  6900
count:  7000
count:  7100
count:  7200
count:  7300
count:  7400
count:  7500
count:  7600
count:  7700
count:  7800
count:  7900
count:  8000
count:  8100
count:  8200
count:  8300
count:  8400
count:  8500
count:  8600
count:  8700
count:  8800
count:  8900
count:  9000
count:  9100
count:  9200
count:  9300
count:  9400
count:  9500
count:  9600
count:  9700
count:  9800
count:  9900
count:  10000
count:  10100
count:  10200
count:  10300
count:  10400
count:  10500
count:  10600
count:  10700
count:  10800
count:  10900
count:  11000
count:  11100
count:  11200
count:  11300
count:  11400
count:  11500
count:  11600
count:  11700
count:  11800
count:  11900
count:  12000
count:  12100
count:  12200
count:  12300
count:  12400
count:  12500
count:  12600
count:  12700
count:  12800
count:  12900
count:  13000
count:  13100
count:  13200
count:  13300
count:  13400
count:  13500
count:  13600
count:  13700
count:  13800
count:  13900
count:  14000
count:  14100
count:  14200
count:  14300
count:  14400
count:  14500
count:  14600
count:  14700
count:  14800
count:  14900
count:  15000
count:  15100
count:  15200
count:  15300
count:  15400
count:  15500
count:  15600
count:  15700
count:  15800
count:  15900
count:  16000
count:  16100
count:  16200
count:  16300
count:  16400
count:  16500
count:  16600
count:  16700
count:  16800
count:  16900
count:  17000
count:  17100
count:  17200
count:  17300
count:  17400
count:  17500
count:  17600
count:  17700
count:  17800
count:  17900
count:  18000
count:  18100
count:  18200
count:  18300
count:  18400
count:  18500
count:  18600
count:  18700
count:  18800
count:  18900
count:  19000
count:  19100
count:  19200
count:  19300
count:  19400
count:  19500
count:  19600
representation_all shape: (2326584, 320)
End sliding
siding time:  154.72417577297117

* All the shapelets info:
(2326584, 320)
2326584
(2326584,)
all subTs num: [536904, 805356, 984324]

Start clustring all the new representations...
End clustring
clustring time: 40.15898920414814

calculate elements number in each cluster
time: 0.29673147201538086

get the nearest index
time: 16.133719444274902

Start scoring all the candidate...
End scoring
discovery time:  195.15975130891894
transformation time:  2.098887622767749
classification time:  1.1215687642727667
svm linear Accuracy: 0.9466626437359617
              precision    recall  f1-score   support

           1       0.96      0.99      0.97     23830
           2       0.87      0.79      0.83      4647
           3       0.95      0.79      0.87      1352

    accuracy                           0.95     29829
   macro avg       0.93      0.86      0.89     29829
weighted avg       0.95      0.95      0.95     29829

All time:  536.5082831991448
